TN:
SF:/Users/sychram/Repositories/thinx-device-api/index.js
FN:5,(anonymous_0)
FN:27,(anonymous_1)
FN:169,(anonymous_2)
FN:200,initDatabases
FN:202,(anonymous_4)
FN:212,(anonymous_5)
FN:223,(anonymous_6)
FN:235,handleDatabaseErrors
FN:344,(anonymous_8)
FN:354,(anonymous_9)
FN:463,(anonymous_10)
FN:467,(anonymous_11)
FN:473,(anonymous_12)
FN:478,(anonymous_13)
FN:487,(anonymous_14)
FN:505,(anonymous_15)
FN:516,(anonymous_16)
FN:524,(anonymous_17)
FN:535,(anonymous_18)
FN:539,(anonymous_19)
FN:548,(anonymous_20)
FN:552,(anonymous_21)
FN:564,(anonymous_22)
FN:583,(anonymous_23)
FN:596,(anonymous_24)
FN:613,(anonymous_25)
FN:629,(anonymous_26)
FN:645,(anonymous_27)
FN:662,(anonymous_28)
FN:669,(anonymous_29)
FN:690,(anonymous_30)
FN:717,(anonymous_31)
FN:735,(anonymous_32)
FN:759,(anonymous_33)
FN:775,(anonymous_34)
FN:782,(anonymous_35)
FN:802,(anonymous_36)
FN:805,(anonymous_37)
FN:818,(anonymous_38)
FN:849,(anonymous_39)
FN:855,(anonymous_40)
FN:870,(anonymous_41)
FN:879,(anonymous_42)
FN:885,(anonymous_43)
FN:895,(anonymous_44)
FN:902,(anonymous_45)
FN:919,(anonymous_46)
FN:941,(anonymous_47)
FN:963,(anonymous_48)
FN:964,(anonymous_49)
FN:974,(anonymous_50)
FN:975,(anonymous_51)
FN:984,(anonymous_52)
FN:987,(anonymous_53)
FN:989,(anonymous_54)
FN:1002,(anonymous_55)
FN:1006,(anonymous_56)
FN:1009,(anonymous_57)
FN:1023,(anonymous_58)
FN:1024,(anonymous_59)
FN:1042,(anonymous_60)
FN:1043,(anonymous_61)
FN:1065,(anonymous_62)
FN:1070,(anonymous_63)
FN:1080,(anonymous_64)
FN:1088,(anonymous_65)
FN:1109,(anonymous_66)
FN:1118,(anonymous_67)
FN:1124,(anonymous_68)
FN:1133,(anonymous_69)
FN:1141,(anonymous_70)
FN:1150,(anonymous_71)
FN:1185,(anonymous_72)
FN:1209,(anonymous_73)
FN:1225,(anonymous_74)
FN:1233,(anonymous_75)
FN:1249,(anonymous_76)
FN:1257,failureResponse
FN:1267,validateRequest
FN:1296,validateSecureGETRequest
FN:1300,(anonymous_80)
FN:1312,validateSecurePOSTRequest
FN:1315,(anonymous_82)
FN:1328,validateSession
FN:1333,(anonymous_84)
FN:1349,(anonymous_85)
FN:1360,(anonymous_86)
FN:1366,(anonymous_87)
FN:1412,(anonymous_88)
FN:1419,(anonymous_89)
FN:1447,(anonymous_90)
FN:1462,(anonymous_91)
FN:1523,(anonymous_92)
FN:1540,(anonymous_93)
FN:1583,(anonymous_94)
FN:1602,(anonymous_95)
FN:1617,(anonymous_96)
FN:1624,(anonymous_97)
FN:1637,(anonymous_98)
FN:1654,(anonymous_99)
FN:1667,(anonymous_100)
FN:1696,(anonymous_101)
FN:1708,(anonymous_102)
FN:1725,(anonymous_103)
FN:1738,(anonymous_104)
FN:1767,(anonymous_105)
FN:1781,(anonymous_106)
FN:1784,(anonymous_107)
FN:1794,(anonymous_108)
FN:1798,(anonymous_109)
FN:1827,(anonymous_110)
FN:1842,(anonymous_111)
FN:1848,(anonymous_112)
FN:1932,(anonymous_113)
FN:1946,(anonymous_114)
FN:1951,(anonymous_115)
FN:2047,(anonymous_116)
FN:2055,(anonymous_117)
FN:2126,(anonymous_118)
FN:2136,(anonymous_119)
FN:2138,(anonymous_120)
FN:2154,(anonymous_121)
FN:2161,(anonymous_122)
FN:2197,(anonymous_123)
FN:2202,(anonymous_124)
FN:2215,(anonymous_125)
FN:2220,(anonymous_126)
FN:2234,(anonymous_127)
FN:2271,(anonymous_128)
FN:2284,(anonymous_129)
FN:2329,(anonymous_130)
FN:2335,(anonymous_131)
FN:2352,(anonymous_132)
FN:2365,(anonymous_133)
FN:2369,(anonymous_134)
FN:2382,(anonymous_135)
FN:2398,(anonymous_136)
FN:2402,(anonymous_137)
FN:2428,(anonymous_138)
FN:2431,(anonymous_139)
FN:2436,(anonymous_140)
FN:2504,(anonymous_141)
FN:2539,(anonymous_142)
FN:2569,(anonymous_143)
FN:2608,(anonymous_144)
FN:2623,(anonymous_145)
FN:2634,(anonymous_146)
FN:2638,(anonymous_147)
FN:2656,(anonymous_148)
FN:2665,(anonymous_149)
FN:2682,(anonymous_150)
FN:2700,(anonymous_151)
FN:2717,(anonymous_152)
FN:2723,(anonymous_153)
FN:2730,(anonymous_154)
FN:2731,(anonymous_155)
FN:2745,(anonymous_156)
FN:2757,(anonymous_157)
FN:2766,(anonymous_158)
FN:2768,(anonymous_159)
FN:2780,(anonymous_160)
FN:2787,(anonymous_161)
FN:2807,(anonymous_162)
FN:2819,(anonymous_163)
FN:2829,(anonymous_164)
FN:2836,(anonymous_165)
FN:2839,(anonymous_166)
FN:2844,(anonymous_167)
FN:2874,(anonymous_168)
FN:2911,(anonymous_169)
FN:2940,(anonymous_170)
FN:2970,(anonymous_171)
FN:2976,(anonymous_172)
FN:2990,(anonymous_173)
FN:3002,(anonymous_174)
FN:3044,(anonymous_175)
FN:3059,(anonymous_176)
FN:3130,noop
FN:3132,heartbeat
FN:3138,ping
FN:3139,each
FN:3148,connection
FN:3155,(anonymous_182)
FN:3184,(anonymous_183)
FN:3190,incoming
FN:3206,(anonymous_185)
FN:3229,(anonymous_186)
FN:3235,listening
FN:3256,(anonymous_188)
FN:3277,database_compactor
FN:3282,(anonymous_190)
FN:3291,log_aggregator
FN:3301,isMasterProcess
FN:3372,respond
FN:3385,validateJSON
FNF:195
FNH:1
FNDA:1,(anonymous_0)
FNDA:0,(anonymous_1)
FNDA:0,(anonymous_2)
FNDA:0,initDatabases
FNDA:0,(anonymous_4)
FNDA:0,(anonymous_5)
FNDA:0,(anonymous_6)
FNDA:0,handleDatabaseErrors
FNDA:0,(anonymous_8)
FNDA:0,(anonymous_9)
FNDA:0,(anonymous_10)
FNDA:0,(anonymous_11)
FNDA:0,(anonymous_12)
FNDA:0,(anonymous_13)
FNDA:0,(anonymous_14)
FNDA:0,(anonymous_15)
FNDA:0,(anonymous_16)
FNDA:0,(anonymous_17)
FNDA:0,(anonymous_18)
FNDA:0,(anonymous_19)
FNDA:0,(anonymous_20)
FNDA:0,(anonymous_21)
FNDA:0,(anonymous_22)
FNDA:0,(anonymous_23)
FNDA:0,(anonymous_24)
FNDA:0,(anonymous_25)
FNDA:0,(anonymous_26)
FNDA:0,(anonymous_27)
FNDA:0,(anonymous_28)
FNDA:0,(anonymous_29)
FNDA:0,(anonymous_30)
FNDA:0,(anonymous_31)
FNDA:0,(anonymous_32)
FNDA:0,(anonymous_33)
FNDA:0,(anonymous_34)
FNDA:0,(anonymous_35)
FNDA:0,(anonymous_36)
FNDA:0,(anonymous_37)
FNDA:0,(anonymous_38)
FNDA:0,(anonymous_39)
FNDA:0,(anonymous_40)
FNDA:0,(anonymous_41)
FNDA:0,(anonymous_42)
FNDA:0,(anonymous_43)
FNDA:0,(anonymous_44)
FNDA:0,(anonymous_45)
FNDA:0,(anonymous_46)
FNDA:0,(anonymous_47)
FNDA:0,(anonymous_48)
FNDA:0,(anonymous_49)
FNDA:0,(anonymous_50)
FNDA:0,(anonymous_51)
FNDA:0,(anonymous_52)
FNDA:0,(anonymous_53)
FNDA:0,(anonymous_54)
FNDA:0,(anonymous_55)
FNDA:0,(anonymous_56)
FNDA:0,(anonymous_57)
FNDA:0,(anonymous_58)
FNDA:0,(anonymous_59)
FNDA:0,(anonymous_60)
FNDA:0,(anonymous_61)
FNDA:0,(anonymous_62)
FNDA:0,(anonymous_63)
FNDA:0,(anonymous_64)
FNDA:0,(anonymous_65)
FNDA:0,(anonymous_66)
FNDA:0,(anonymous_67)
FNDA:0,(anonymous_68)
FNDA:0,(anonymous_69)
FNDA:0,(anonymous_70)
FNDA:0,(anonymous_71)
FNDA:0,(anonymous_72)
FNDA:0,(anonymous_73)
FNDA:0,(anonymous_74)
FNDA:0,(anonymous_75)
FNDA:0,(anonymous_76)
FNDA:0,failureResponse
FNDA:0,validateRequest
FNDA:0,validateSecureGETRequest
FNDA:0,(anonymous_80)
FNDA:0,validateSecurePOSTRequest
FNDA:0,(anonymous_82)
FNDA:0,validateSession
FNDA:0,(anonymous_84)
FNDA:0,(anonymous_85)
FNDA:0,(anonymous_86)
FNDA:0,(anonymous_87)
FNDA:0,(anonymous_88)
FNDA:0,(anonymous_89)
FNDA:0,(anonymous_90)
FNDA:0,(anonymous_91)
FNDA:0,(anonymous_92)
FNDA:0,(anonymous_93)
FNDA:0,(anonymous_94)
FNDA:0,(anonymous_95)
FNDA:0,(anonymous_96)
FNDA:0,(anonymous_97)
FNDA:0,(anonymous_98)
FNDA:0,(anonymous_99)
FNDA:0,(anonymous_100)
FNDA:0,(anonymous_101)
FNDA:0,(anonymous_102)
FNDA:0,(anonymous_103)
FNDA:0,(anonymous_104)
FNDA:0,(anonymous_105)
FNDA:0,(anonymous_106)
FNDA:0,(anonymous_107)
FNDA:0,(anonymous_108)
FNDA:0,(anonymous_109)
FNDA:0,(anonymous_110)
FNDA:0,(anonymous_111)
FNDA:0,(anonymous_112)
FNDA:0,(anonymous_113)
FNDA:0,(anonymous_114)
FNDA:0,(anonymous_115)
FNDA:0,(anonymous_116)
FNDA:0,(anonymous_117)
FNDA:0,(anonymous_118)
FNDA:0,(anonymous_119)
FNDA:0,(anonymous_120)
FNDA:0,(anonymous_121)
FNDA:0,(anonymous_122)
FNDA:0,(anonymous_123)
FNDA:0,(anonymous_124)
FNDA:0,(anonymous_125)
FNDA:0,(anonymous_126)
FNDA:0,(anonymous_127)
FNDA:0,(anonymous_128)
FNDA:0,(anonymous_129)
FNDA:0,(anonymous_130)
FNDA:0,(anonymous_131)
FNDA:0,(anonymous_132)
FNDA:0,(anonymous_133)
FNDA:0,(anonymous_134)
FNDA:0,(anonymous_135)
FNDA:0,(anonymous_136)
FNDA:0,(anonymous_137)
FNDA:0,(anonymous_138)
FNDA:0,(anonymous_139)
FNDA:0,(anonymous_140)
FNDA:0,(anonymous_141)
FNDA:0,(anonymous_142)
FNDA:0,(anonymous_143)
FNDA:0,(anonymous_144)
FNDA:0,(anonymous_145)
FNDA:0,(anonymous_146)
FNDA:0,(anonymous_147)
FNDA:0,(anonymous_148)
FNDA:0,(anonymous_149)
FNDA:0,(anonymous_150)
FNDA:0,(anonymous_151)
FNDA:0,(anonymous_152)
FNDA:0,(anonymous_153)
FNDA:0,(anonymous_154)
FNDA:0,(anonymous_155)
FNDA:0,(anonymous_156)
FNDA:0,(anonymous_157)
FNDA:0,(anonymous_158)
FNDA:0,(anonymous_159)
FNDA:0,(anonymous_160)
FNDA:0,(anonymous_161)
FNDA:0,(anonymous_162)
FNDA:0,(anonymous_163)
FNDA:0,(anonymous_164)
FNDA:0,(anonymous_165)
FNDA:0,(anonymous_166)
FNDA:0,(anonymous_167)
FNDA:0,(anonymous_168)
FNDA:0,(anonymous_169)
FNDA:0,(anonymous_170)
FNDA:0,(anonymous_171)
FNDA:0,(anonymous_172)
FNDA:0,(anonymous_173)
FNDA:0,(anonymous_174)
FNDA:0,(anonymous_175)
FNDA:0,(anonymous_176)
FNDA:0,noop
FNDA:0,heartbeat
FNDA:0,ping
FNDA:0,each
FNDA:0,connection
FNDA:0,(anonymous_182)
FNDA:0,(anonymous_183)
FNDA:0,incoming
FNDA:0,(anonymous_185)
FNDA:0,(anonymous_186)
FNDA:0,listening
FNDA:0,(anonymous_188)
FNDA:0,database_compactor
FNDA:0,(anonymous_190)
FNDA:0,log_aggregator
FNDA:0,isMasterProcess
FNDA:0,respond
FNDA:0,validateJSON
DA:5,1
DA:7,1
DA:9,0
DA:10,0
DA:11,0
DA:12,0
DA:13,0
DA:15,0
DA:17,0
DA:18,0
DA:19,0
DA:20,0
DA:26,0
DA:28,0
DA:37,0
DA:38,0
DA:39,0
DA:40,0
DA:42,0
DA:51,0
DA:52,0
DA:54,0
DA:55,0
DA:56,0
DA:57,0
DA:58,0
DA:60,0
DA:61,0
DA:62,0
DA:63,0
DA:64,0
DA:66,0
DA:67,0
DA:68,0
DA:69,0
DA:70,0
DA:73,0
DA:83,0
DA:85,0
DA:98,0
DA:112,0
DA:113,0
DA:122,0
DA:129,0
DA:130,0
DA:131,0
DA:132,0
DA:135,0
DA:136,0
DA:137,0
DA:138,0
DA:140,0
DA:142,0
DA:143,0
DA:144,0
DA:145,0
DA:146,0
DA:147,0
DA:148,0
DA:149,0
DA:150,0
DA:151,0
DA:152,0
DA:153,0
DA:154,0
DA:155,0
DA:156,0
DA:157,0
DA:159,0
DA:160,0
DA:162,0
DA:165,0
DA:167,0
DA:169,0
DA:170,0
DA:171,0
DA:172,0
DA:173,0
DA:176,0
DA:177,0
DA:179,0
DA:181,0
DA:190,0
DA:191,0
DA:192,0
DA:193,0
DA:194,0
DA:202,0
DA:203,0
DA:204,0
DA:206,0
DA:212,0
DA:213,0
DA:214,0
DA:216,0
DA:223,0
DA:224,0
DA:225,0
DA:227,0
DA:237,0
DA:240,0
DA:243,0
DA:244,0
DA:247,0
DA:248,0
DA:294,0
DA:296,0
DA:297,0
DA:303,0
DA:304,0
DA:306,0
DA:308,0
DA:309,0
DA:311,0
DA:313,0
DA:315,0
DA:334,0
DA:338,0
DA:344,0
DA:345,0
DA:346,0
DA:347,0
DA:349,0
DA:350,0
DA:354,0
DA:357,0
DA:365,0
DA:367,0
DA:368,0
DA:369,0
DA:370,0
DA:373,0
DA:374,0
DA:375,0
DA:376,0
DA:377,0
DA:380,0
DA:381,0
DA:382,0
DA:383,0
DA:384,0
DA:387,0
DA:388,0
DA:389,0
DA:390,0
DA:391,0
DA:394,0
DA:395,0
DA:396,0
DA:397,0
DA:398,0
DA:401,0
DA:402,0
DA:403,0
DA:407,0
DA:408,0
DA:409,0
DA:410,0
DA:412,0
DA:417,0
DA:418,0
DA:419,0
DA:423,0
DA:424,0
DA:425,0
DA:427,0
DA:428,0
DA:430,0
DA:433,0
DA:434,0
DA:435,0
DA:436,0
DA:437,0
DA:443,0
DA:448,0
DA:449,0
DA:451,0
DA:452,0
DA:463,0
DA:464,0
DA:465,0
DA:466,0
DA:467,0
DA:468,0
DA:473,0
DA:474,0
DA:475,0
DA:476,0
DA:477,0
DA:478,0
DA:479,0
DA:487,0
DA:493,0
DA:496,0
DA:497,0
DA:499,0
DA:505,0
DA:506,0
DA:516,0
DA:517,0
DA:518,0
DA:519,0
DA:520,0
DA:524,0
DA:525,0
DA:535,0
DA:536,0
DA:537,0
DA:538,0
DA:539,0
DA:540,0
DA:548,0
DA:549,0
DA:550,0
DA:551,0
DA:552,0
DA:553,0
DA:564,0
DA:565,0
DA:566,0
DA:567,0
DA:568,0
DA:569,0
DA:573,0
DA:575,0
DA:576,0
DA:577,0
DA:581,0
DA:583,0
DA:584,0
DA:596,0
DA:598,0
DA:599,0
DA:601,0
DA:603,0
DA:604,0
DA:608,0
DA:611,0
DA:613,0
DA:615,0
DA:616,0
DA:618,0
DA:623,0
DA:629,0
DA:631,0
DA:632,0
DA:634,0
DA:635,0
DA:637,0
DA:638,0
DA:641,0
DA:642,0
DA:645,0
DA:646,0
DA:647,0
DA:651,0
DA:653,0
DA:662,0
DA:664,0
DA:665,0
DA:667,0
DA:669,0
DA:670,0
DA:671,0
DA:675,0
DA:677,0
DA:690,0
DA:692,0
DA:693,0
DA:695,0
DA:697,0
DA:698,0
DA:702,0
DA:705,0
DA:706,0
DA:710,0
DA:713,0
DA:714,0
DA:716,0
DA:718,0
DA:719,0
DA:726,0
DA:735,0
DA:737,0
DA:738,0
DA:740,0
DA:743,0
DA:744,0
DA:747,0
DA:748,0
DA:751,0
DA:752,0
DA:756,0
DA:759,0
DA:760,0
DA:761,0
DA:766,0
DA:775,0
DA:777,0
DA:778,0
DA:780,0
DA:782,0
DA:783,0
DA:784,0
DA:787,0
DA:789,0
DA:802,0
DA:803,0
DA:804,0
DA:805,0
DA:806,0
DA:807,0
DA:812,0
DA:818,0
DA:820,0
DA:821,0
DA:823,0
DA:824,0
DA:828,0
DA:831,0
DA:832,0
DA:836,0
DA:839,0
DA:840,0
DA:842,0
DA:845,0
DA:846,0
DA:848,0
DA:850,0
DA:855,0
DA:857,0
DA:858,0
DA:860,0
DA:861,0
DA:862,0
DA:866,0
DA:869,0
DA:870,0
DA:871,0
DA:879,0
DA:881,0
DA:883,0
DA:885,0
DA:887,0
DA:895,0
DA:897,0
DA:898,0
DA:900,0
DA:902,0
DA:903,0
DA:904,0
DA:909,0
DA:919,0
DA:921,0
DA:922,0
DA:926,0
DA:927,0
DA:929,0
DA:933,0
DA:937,0
DA:938,0
DA:939,0
DA:940,0
DA:942,0
DA:947,0
DA:950,0
DA:963,0
DA:964,0
DA:965,0
DA:974,0
DA:975,0
DA:976,0
DA:984,0
DA:985,0
DA:986,0
DA:987,0
DA:988,0
DA:989,0
DA:990,0
DA:996,0
DA:1002,0
DA:1003,0
DA:1004,0
DA:1005,0
DA:1006,0
DA:1008,0
DA:1009,0
DA:1010,0
DA:1012,0
DA:1017,0
DA:1023,0
DA:1024,0
DA:1025,0
DA:1026,0
DA:1027,0
DA:1032,0
DA:1035,0
DA:1042,0
DA:1043,0
DA:1044,0
DA:1045,0
DA:1046,0
DA:1051,0
DA:1065,0
DA:1066,0
DA:1067,0
DA:1068,0
DA:1069,0
DA:1070,0
DA:1071,0
DA:1072,0
DA:1080,0
DA:1083,0
DA:1084,0
DA:1086,0
DA:1088,0
DA:1089,0
DA:1090,0
DA:1095,0
DA:1109,0
DA:1110,0
DA:1111,0
DA:1112,0
DA:1117,0
DA:1118,0
DA:1119,0
DA:1124,0
DA:1126,0
DA:1127,0
DA:1130,0
DA:1132,0
DA:1134,0
DA:1140,0
DA:1142,0
DA:1150,0
DA:1151,0
DA:1152,0
DA:1153,0
DA:1154,0
DA:1155,0
DA:1156,0
DA:1157,0
DA:1158,0
DA:1162,0
DA:1164,0
DA:1165,0
DA:1166,0
DA:1170,0
DA:1171,0
DA:1172,0
DA:1176,0
DA:1178,0
DA:1179,0
DA:1180,0
DA:1182,0
DA:1183,0
DA:1184,0
DA:1185,0
DA:1189,0
DA:1190,0
DA:1192,0
DA:1193,0
DA:1196,0
DA:1197,0
DA:1198,0
DA:1199,0
DA:1200,0
DA:1209,0
DA:1211,0
DA:1213,0
DA:1214,0
DA:1218,0
DA:1219,0
DA:1224,0
DA:1225,0
DA:1227,0
DA:1233,0
DA:1235,0
DA:1236,0
DA:1238,0
DA:1239,0
DA:1243,0
DA:1246,0
DA:1247,0
DA:1249,0
DA:1250,0
DA:1258,0
DA:1261,0
DA:1269,0
DA:1270,0
DA:1272,0
DA:1273,0
DA:1278,0
DA:1279,0
DA:1283,0
DA:1284,0
DA:1287,0
DA:1288,0
DA:1291,0
DA:1292,0
DA:1297,0
DA:1298,0
DA:1300,0
DA:1301,0
DA:1302,0
DA:1304,0
DA:1307,0
DA:1309,0
DA:1313,0
DA:1314,0
DA:1315,0
DA:1316,0
DA:1317,0
DA:1319,0
DA:1322,0
DA:1324,0
DA:1329,0
DA:1330,0
DA:1332,0
DA:1333,0
DA:1334,0
DA:1335,0
DA:1337,0
DA:1340,0
DA:1349,0
DA:1351,0
DA:1352,0
DA:1354,0
DA:1355,0
DA:1356,0
DA:1360,0
DA:1361,0
DA:1366,0
DA:1368,0
DA:1369,0
DA:1371,0
DA:1372,0
DA:1374,0
DA:1375,0
DA:1379,0
DA:1382,0
DA:1384,0
DA:1385,0
DA:1389,0
DA:1392,0
DA:1394,0
DA:1395,0
DA:1396,0
DA:1397,0
DA:1399,0
DA:1412,0
DA:1414,0
DA:1415,0
DA:1417,0
DA:1419,0
DA:1421,0
DA:1422,0
DA:1423,0
DA:1429,0
DA:1430,0
DA:1431,0
DA:1437,0
DA:1447,0
DA:1449,0
DA:1450,0
DA:1452,0
DA:1454,0
DA:1455,0
DA:1459,0
DA:1462,0
DA:1464,0
DA:1466,0
DA:1467,0
DA:1468,0
DA:1473,0
DA:1476,0
DA:1477,0
DA:1478,0
DA:1483,0
DA:1486,0
DA:1488,0
DA:1492,0
DA:1493,0
DA:1497,0
DA:1500,0
DA:1501,0
DA:1502,0
DA:1508,0
DA:1514,0
DA:1523,0
DA:1525,0
DA:1526,0
DA:1528,0
DA:1530,0
DA:1531,0
DA:1535,0
DA:1538,0
DA:1540,0
DA:1541,0
DA:1542,0
DA:1543,0
DA:1548,0
DA:1551,0
DA:1552,0
DA:1553,0
DA:1558,0
DA:1561,0
DA:1562,0
DA:1563,0
DA:1564,0
DA:1565,0
DA:1566,0
DA:1569,0
DA:1574,0
DA:1575,0
DA:1576,0
DA:1583,0
DA:1585,0
DA:1586,0
DA:1588,0
DA:1590,0
DA:1591,0
DA:1595,0
DA:1598,0
DA:1600,0
DA:1602,0
DA:1603,0
DA:1604,0
DA:1605,0
DA:1608,0
DA:1617,0
DA:1619,0
DA:1620,0
DA:1622,0
DA:1624,0
DA:1625,0
DA:1626,0
DA:1627,0
DA:1631,0
DA:1637,0
DA:1639,0
DA:1641,0
DA:1642,0
DA:1646,0
DA:1649,0
DA:1654,0
DA:1655,0
DA:1656,0
DA:1657,0
DA:1661,0
DA:1667,0
DA:1669,0
DA:1670,0
DA:1672,0
DA:1673,0
DA:1677,0
DA:1680,0
DA:1681,0
DA:1685,0
DA:1688,0
DA:1689,0
DA:1693,0
DA:1696,0
DA:1697,0
DA:1698,0
DA:1702,0
DA:1708,0
DA:1710,0
DA:1712,0
DA:1713,0
DA:1717,0
DA:1720,0
DA:1725,0
DA:1726,0
DA:1727,0
DA:1728,0
DA:1732,0
DA:1738,0
DA:1740,0
DA:1741,0
DA:1743,0
DA:1744,0
DA:1748,0
DA:1751,0
DA:1752,0
DA:1756,0
DA:1759,0
DA:1760,0
DA:1764,0
DA:1767,0
DA:1768,0
DA:1769,0
DA:1770,0
DA:1772,0
DA:1781,0
DA:1782,0
DA:1785,0
DA:1786,0
DA:1788,0
DA:1794,0
DA:1797,0
DA:1798,0
DA:1799,0
DA:1800,0
DA:1802,0
DA:1803,0
DA:1804,0
DA:1809,0
DA:1810,0
DA:1811,0
DA:1813,0
DA:1814,0
DA:1815,0
DA:1823,0
DA:1824,0
DA:1826,0
DA:1827,0
DA:1828,0
DA:1829,0
DA:1830,0
DA:1831,0
DA:1833,0
DA:1836,0
DA:1837,0
DA:1839,0
DA:1842,0
DA:1844,0
DA:1847,0
DA:1848,0
DA:1850,0
DA:1851,0
DA:1853,0
DA:1854,0
DA:1857,0
DA:1859,0
DA:1860,0
DA:1861,0
DA:1863,0
DA:1869,0
DA:1872,0
DA:1879,0
DA:1881,0
DA:1884,0
DA:1885,0
DA:1886,0
DA:1888,0
DA:1890,0
DA:1892,0
DA:1895,0
DA:1898,0
DA:1899,0
DA:1905,0
DA:1907,0
DA:1918,0
DA:1919,0
DA:1920,0
DA:1927,0
DA:1928,0
DA:1930,0
DA:1932,0
DA:1933,0
DA:1934,0
DA:1936,0
DA:1937,0
DA:1940,0
DA:1943,0
DA:1948,0
DA:1949,0
DA:1950,0
DA:1951,0
DA:1952,0
DA:1953,0
DA:1955,0
DA:1958,0
DA:1962,0
DA:1964,0
DA:1965,0
DA:1966,0
DA:1967,0
DA:1968,0
DA:1970,0
DA:1972,0
DA:1973,0
DA:1975,0
DA:1979,0
DA:1980,0
DA:1981,0
DA:1984,0
DA:1985,0
DA:1986,0
DA:1990,0
DA:1991,0
DA:1992,0
DA:1993,0
DA:1997,0
DA:2000,0
DA:2001,0
DA:2002,0
DA:2005,0
DA:2007,0
DA:2009,0
DA:2010,0
DA:2015,0
DA:2016,0
DA:2022,0
DA:2024,0
DA:2029,0
DA:2030,0
DA:2034,0
DA:2036,0
DA:2047,0
DA:2049,0
DA:2050,0
DA:2053,0
DA:2056,0
DA:2057,0
DA:2060,0
DA:2070,0
DA:2074,0
DA:2078,0
DA:2079,0
DA:2081,0
DA:2085,0
DA:2092,0
DA:2094,0
DA:2095,0
DA:2096,0
DA:2098,0
DA:2101,0
DA:2102,0
DA:2103,0
DA:2104,0
DA:2105,0
DA:2106,0
DA:2109,0
DA:2112,0
DA:2113,0
DA:2114,0
DA:2115,0
DA:2118,0
DA:2124,0
DA:2125,0
DA:2126,0
DA:2127,0
DA:2128,0
DA:2136,0
DA:2137,0
DA:2138,0
DA:2139,0
DA:2140,0
DA:2144,0
DA:2146,0
DA:2154,0
DA:2156,0
DA:2157,0
DA:2159,0
DA:2161,0
DA:2163,0
DA:2164,0
DA:2166,0
DA:2170,0
DA:2173,0
DA:2174,0
DA:2178,0
DA:2181,0
DA:2182,0
DA:2185,0
DA:2197,0
DA:2198,0
DA:2200,0
DA:2201,0
DA:2202,0
DA:2203,0
DA:2204,0
DA:2206,0
DA:2208,0
DA:2215,0
DA:2216,0
DA:2217,0
DA:2218,0
DA:2219,0
DA:2220,0
DA:2221,0
DA:2222,0
DA:2234,0
DA:2236,0
DA:2237,0
DA:2239,0
DA:2271,0
DA:2272,0
DA:2284,0
DA:2286,0
DA:2287,0
DA:2289,0
DA:2290,0
DA:2291,0
DA:2292,0
DA:2294,0
DA:2295,0
DA:2299,0
DA:2302,0
DA:2303,0
DA:2307,0
DA:2310,0
DA:2311,0
DA:2315,0
DA:2318,0
DA:2329,0
DA:2330,0
DA:2335,0
DA:2337,0
DA:2338,0
DA:2339,0
DA:2340,0
DA:2343,0
DA:2352,0
DA:2354,0
DA:2355,0
DA:2358,0
DA:2360,0
DA:2361,0
DA:2362,0
DA:2365,0
DA:2367,0
DA:2370,0
DA:2371,0
DA:2373,0
DA:2374,0
DA:2375,0
DA:2376,0
DA:2377,0
DA:2382,0
DA:2383,0
DA:2386,0
DA:2396,0
DA:2398,0
DA:2399,0
DA:2402,0
DA:2404,0
DA:2405,0
DA:2406,0
DA:2409,0
DA:2412,0
DA:2414,0
DA:2416,0
DA:2420,0
DA:2428,0
DA:2430,0
DA:2431,0
DA:2432,0
DA:2436,0
DA:2438,0
DA:2439,0
DA:2441,0
DA:2442,0
DA:2443,0
DA:2445,0
DA:2446,0
DA:2448,0
DA:2449,0
DA:2450,0
DA:2451,0
DA:2452,0
DA:2454,0
DA:2457,0
DA:2458,0
DA:2459,0
DA:2460,0
DA:2465,0
DA:2466,0
DA:2468,0
DA:2469,0
DA:2470,0
DA:2472,0
DA:2478,0
DA:2480,0
DA:2481,0
DA:2483,0
DA:2484,0
DA:2486,0
DA:2490,0
DA:2493,0
DA:2501,0
DA:2504,0
DA:2508,0
DA:2510,0
DA:2512,0
DA:2514,0
DA:2515,0
DA:2519,0
DA:2525,0
DA:2526,0
DA:2529,0
DA:2530,0
DA:2534,0
DA:2539,0
DA:2541,0
DA:2544,0
DA:2547,0
DA:2548,0
DA:2549,0
DA:2551,0
DA:2553,0
DA:2554,0
DA:2556,0
DA:2560,0
DA:2564,0
DA:2565,0
DA:2567,0
DA:2570,0
DA:2571,0
DA:2574,0
DA:2579,0
DA:2581,0
DA:2582,0
DA:2584,0
DA:2586,0
DA:2587,0
DA:2588,0
DA:2590,0
DA:2594,0
DA:2596,0
DA:2597,0
DA:2608,0
DA:2609,0
DA:2610,0
DA:2612,0
DA:2613,0
DA:2614,0
DA:2623,0
DA:2625,0
DA:2626,0
DA:2628,0
DA:2630,0
DA:2634,0
DA:2635,0
DA:2636,0
DA:2637,0
DA:2638,0
DA:2639,0
DA:2640,0
DA:2641,0
DA:2642,0
DA:2643,0
DA:2645,0
DA:2646,0
DA:2650,0
DA:2656,0
DA:2662,0
DA:2663,0
DA:2665,0
DA:2667,0
DA:2668,0
DA:2669,0
DA:2670,0
DA:2672,0
DA:2673,0
DA:2674,0
DA:2678,0
DA:2680,0
DA:2681,0
DA:2682,0
DA:2683,0
DA:2684,0
DA:2690,0
DA:2695,0
DA:2696,0
DA:2700,0
DA:2701,0
DA:2702,0
DA:2717,0
DA:2719,0
DA:2720,0
DA:2722,0
DA:2723,0
DA:2724,0
DA:2725,0
DA:2730,0
DA:2731,0
DA:2732,0
DA:2745,0
DA:2746,0
DA:2747,0
DA:2748,0
DA:2749,0
DA:2750,0
DA:2754,0
DA:2757,0
DA:2758,0
DA:2759,0
DA:2765,0
DA:2766,0
DA:2767,0
DA:2768,0
DA:2769,0
DA:2777,0
DA:2778,0
DA:2780,0
DA:2781,0
DA:2782,0
DA:2783,0
DA:2787,0
DA:2788,0
DA:2789,0
DA:2794,0
DA:2807,0
DA:2811,0
DA:2812,0
DA:2817,0
DA:2819,0
DA:2820,0
DA:2821,0
DA:2822,0
DA:2826,0
DA:2827,0
DA:2829,0
DA:2831,0
DA:2833,0
DA:2837,0
DA:2839,0
DA:2840,0
DA:2844,0
DA:2846,0
DA:2848,0
DA:2849,0
DA:2850,0
DA:2851,0
DA:2852,0
DA:2854,0
DA:2855,0
DA:2861,0
DA:2863,0
DA:2874,0
DA:2876,0
DA:2878,0
DA:2882,0
DA:2885,0
DA:2886,0
DA:2889,0
DA:2893,0
DA:2895,0
DA:2896,0
DA:2899,0
DA:2901,0
DA:2904,0
DA:2908,0
DA:2911,0
DA:2913,0
DA:2914,0
DA:2916,0
DA:2920,0
DA:2921,0
DA:2922,0
DA:2923,0
DA:2925,0
DA:2926,0
DA:2927,0
DA:2928,0
DA:2929,0
DA:2931,0
DA:2932,0
DA:2935,0
DA:2938,0
DA:2941,0
DA:2942,0
DA:2945,0
DA:2950,0
DA:2951,0
DA:2952,0
DA:2954,0
DA:2958,0
DA:2959,0
DA:2960,0
DA:2961,0
DA:2962,0
DA:2964,0
DA:2965,0
DA:2971,0
DA:2972,0
DA:2977,0
DA:2978,0
DA:2990,0
DA:2991,0
DA:2997,0
DA:3004,0
DA:3005,0
DA:3008,0
DA:3012,0
DA:3015,0
DA:3018,0
DA:3020,0
DA:3026,0
DA:3029,0
DA:3030,0
DA:3031,0
DA:3044,0
DA:3045,0
DA:3046,0
DA:3047,0
DA:3048,0
DA:3049,0
DA:3051,0
DA:3059,0
DA:3060,0
DA:3067,0
DA:3070,0
DA:3072,0
DA:3074,0
DA:3079,0
DA:3081,0
DA:3083,0
DA:3088,0
DA:3089,0
DA:3092,0
DA:3098,0
DA:3100,0
DA:3116,0
DA:3117,0
DA:3118,0
DA:3120,0
DA:3123,0
DA:3128,0
DA:3133,0
DA:3136,0
DA:3138,0
DA:3139,0
DA:3140,0
DA:3141,0
DA:3143,0
DA:3148,0
DA:3150,0
DA:3151,0
DA:3152,0
DA:3155,0
DA:3156,0
DA:3157,0
DA:3160,0
DA:3161,0
DA:3163,0
DA:3165,0
DA:3167,0
DA:3169,0
DA:3170,0
DA:3174,0
DA:3175,0
DA:3179,0
DA:3180,0
DA:3184,0
DA:3185,0
DA:3189,0
DA:3190,0
DA:3193,0
DA:3195,0
DA:3197,0
DA:3199,0
DA:3200,0
DA:3201,0
DA:3203,0
DA:3205,0
DA:3206,0
DA:3208,0
DA:3209,0
DA:3216,0
DA:3221,0
DA:3222,0
DA:3223,0
DA:3230,0
DA:3231,0
DA:3235,0
DA:3236,0
DA:3244,0
DA:3245,0
DA:3246,0
DA:3248,0
DA:3256,0
DA:3257,0
DA:3258,0
DA:3259,0
DA:3260,0
DA:3264,0
DA:3269,0
DA:3278,0
DA:3279,0
DA:3280,0
DA:3281,0
DA:3282,0
DA:3283,0
DA:3292,0
DA:3293,0
DA:3294,0
DA:3295,0
DA:3298,0
DA:3299,0
DA:3302,0
DA:3303,0
DA:3304,0
DA:3305,0
DA:3307,0
DA:3311,0
DA:3313,0
DA:3315,0
DA:3322,0
DA:3330,0
DA:3331,0
DA:3334,0
DA:3336,0
DA:3337,0
DA:3339,0
DA:3343,0
DA:3344,0
DA:3345,0
DA:3346,0
DA:3348,0
DA:3353,0
DA:3354,0
DA:3355,0
DA:3357,0
DA:3358,0
DA:3359,0
DA:3361,0
DA:3362,0
DA:3373,0
DA:3374,0
DA:3375,0
DA:3376,0
DA:3377,0
DA:3378,0
DA:3379,0
DA:3381,0
DA:3386,0
DA:3387,0
DA:3389,0
DA:3391,0
DA:3396,1
LF:1334
LH:3
BRDA:54,0,0,0
BRDA:54,0,1,0
BRDA:60,1,0,0
BRDA:60,1,1,0
BRDA:66,2,0,0
BRDA:66,2,1,0
BRDA:171,3,0,0
BRDA:171,3,1,0
BRDA:176,4,0,0
BRDA:176,4,1,0
BRDA:193,5,0,0
BRDA:193,5,1,0
BRDA:203,6,0,0
BRDA:203,6,1,0
BRDA:213,7,0,0
BRDA:213,7,1,0
BRDA:224,8,0,0
BRDA:224,8,1,0
BRDA:237,9,0,0
BRDA:237,9,1,0
BRDA:240,10,0,0
BRDA:240,10,1,0
BRDA:346,11,0,0
BRDA:346,11,1,0
BRDA:367,12,0,0
BRDA:367,12,1,0
BRDA:373,13,0,0
BRDA:373,13,1,0
BRDA:380,14,0,0
BRDA:380,14,1,0
BRDA:387,15,0,0
BRDA:387,15,1,0
BRDA:394,16,0,0
BRDA:394,16,1,0
BRDA:401,17,0,0
BRDA:401,17,1,0
BRDA:409,18,0,0
BRDA:409,18,1,0
BRDA:412,19,0,0
BRDA:412,19,1,0
BRDA:412,20,0,0
BRDA:412,20,1,0
BRDA:427,21,0,0
BRDA:427,21,1,0
BRDA:433,22,0,0
BRDA:433,22,1,0
BRDA:434,23,0,0
BRDA:434,23,1,0
BRDA:435,24,0,0
BRDA:435,24,1,0
BRDA:443,25,0,0
BRDA:443,25,1,0
BRDA:443,26,0,0
BRDA:443,26,1,0
BRDA:448,27,0,0
BRDA:448,27,1,0
BRDA:451,28,0,0
BRDA:451,28,1,0
BRDA:464,29,0,0
BRDA:464,29,1,0
BRDA:465,30,0,0
BRDA:465,30,1,0
BRDA:474,31,0,0
BRDA:474,31,1,0
BRDA:475,32,0,0
BRDA:475,32,1,0
BRDA:496,33,0,0
BRDA:496,33,1,0
BRDA:517,34,0,0
BRDA:517,34,1,0
BRDA:518,35,0,0
BRDA:518,35,1,0
BRDA:536,36,0,0
BRDA:536,36,1,0
BRDA:537,37,0,0
BRDA:537,37,1,0
BRDA:549,38,0,0
BRDA:549,38,1,0
BRDA:550,39,0,0
BRDA:550,39,1,0
BRDA:565,40,0,0
BRDA:565,40,1,0
BRDA:566,41,0,0
BRDA:566,41,1,0
BRDA:568,42,0,0
BRDA:568,42,1,0
BRDA:568,43,0,0
BRDA:568,43,1,0
BRDA:576,44,0,0
BRDA:576,44,1,0
BRDA:576,45,0,0
BRDA:576,45,1,0
BRDA:598,46,0,0
BRDA:598,46,1,0
BRDA:599,47,0,0
BRDA:599,47,1,0
BRDA:603,48,0,0
BRDA:603,48,1,0
BRDA:615,49,0,0
BRDA:615,49,1,0
BRDA:631,50,0,0
BRDA:631,50,1,0
BRDA:632,51,0,0
BRDA:632,51,1,0
BRDA:637,52,0,0
BRDA:637,52,1,0
BRDA:641,53,0,0
BRDA:641,53,1,0
BRDA:646,54,0,0
BRDA:646,54,1,0
BRDA:664,55,0,0
BRDA:664,55,1,0
BRDA:665,56,0,0
BRDA:665,56,1,0
BRDA:670,57,0,0
BRDA:670,57,1,0
BRDA:692,58,0,0
BRDA:692,58,1,0
BRDA:693,59,0,0
BRDA:693,59,1,0
BRDA:697,60,0,0
BRDA:697,60,1,0
BRDA:705,61,0,0
BRDA:705,61,1,0
BRDA:718,62,0,0
BRDA:718,62,1,0
BRDA:737,63,0,0
BRDA:737,63,1,0
BRDA:738,64,0,0
BRDA:738,64,1,0
BRDA:743,65,0,0
BRDA:743,65,1,0
BRDA:747,66,0,0
BRDA:747,66,1,0
BRDA:751,67,0,0
BRDA:751,67,1,0
BRDA:760,68,0,0
BRDA:760,68,1,0
BRDA:777,69,0,0
BRDA:777,69,1,0
BRDA:778,70,0,0
BRDA:778,70,1,0
BRDA:783,71,0,0
BRDA:783,71,1,0
BRDA:803,72,0,0
BRDA:803,72,1,0
BRDA:804,73,0,0
BRDA:804,73,1,0
BRDA:806,74,0,0
BRDA:806,74,1,0
BRDA:820,75,0,0
BRDA:820,75,1,0
BRDA:821,76,0,0
BRDA:821,76,1,0
BRDA:823,77,0,0
BRDA:823,77,1,0
BRDA:831,78,0,0
BRDA:831,78,1,0
BRDA:840,79,0,0
BRDA:840,79,1,0
BRDA:840,80,0,0
BRDA:840,80,1,0
BRDA:857,81,0,0
BRDA:857,81,1,0
BRDA:858,82,0,0
BRDA:858,82,1,0
BRDA:861,83,0,0
BRDA:861,83,1,0
BRDA:881,84,0,0
BRDA:881,84,1,0
BRDA:897,85,0,0
BRDA:897,85,1,0
BRDA:898,86,0,0
BRDA:898,86,1,0
BRDA:903,87,0,0
BRDA:903,87,1,0
BRDA:921,88,0,0
BRDA:921,88,1,0
BRDA:922,89,0,0
BRDA:922,89,1,0
BRDA:926,90,0,0
BRDA:926,90,1,0
BRDA:937,91,0,0
BRDA:937,91,1,0
BRDA:988,92,0,0
BRDA:988,92,1,0
BRDA:1008,93,0,0
BRDA:1008,93,1,0
BRDA:1025,94,0,0
BRDA:1025,94,1,0
BRDA:1044,95,0,0
BRDA:1044,95,1,0
BRDA:1067,96,0,0
BRDA:1067,96,1,0
BRDA:1068,97,0,0
BRDA:1068,97,1,0
BRDA:1083,98,0,0
BRDA:1083,98,1,0
BRDA:1084,99,0,0
BRDA:1084,99,1,0
BRDA:1089,100,0,0
BRDA:1089,100,1,0
BRDA:1111,101,0,0
BRDA:1111,101,1,0
BRDA:1130,102,0,0
BRDA:1130,102,1,0
BRDA:1130,103,0,0
BRDA:1130,103,1,0
BRDA:1156,104,0,0
BRDA:1156,104,1,0
BRDA:1164,105,0,0
BRDA:1164,105,1,0
BRDA:1189,106,0,0
BRDA:1189,106,1,0
BRDA:1192,107,0,0
BRDA:1192,107,1,0
BRDA:1211,108,0,0
BRDA:1211,108,1,0
BRDA:1213,109,0,0
BRDA:1213,109,1,0
BRDA:1218,110,0,0
BRDA:1218,110,1,0
BRDA:1235,111,0,0
BRDA:1235,111,1,0
BRDA:1236,112,0,0
BRDA:1236,112,1,0
BRDA:1238,113,0,0
BRDA:1238,113,1,0
BRDA:1272,114,0,0
BRDA:1272,114,1,0
BRDA:1278,115,0,0
BRDA:1278,115,1,0
BRDA:1283,116,0,0
BRDA:1283,116,1,0
BRDA:1297,117,0,0
BRDA:1297,117,1,0
BRDA:1301,118,0,0
BRDA:1301,118,1,0
BRDA:1313,119,0,0
BRDA:1313,119,1,0
BRDA:1316,120,0,0
BRDA:1316,120,1,0
BRDA:1329,121,0,0
BRDA:1329,121,1,0
BRDA:1332,122,0,0
BRDA:1332,122,1,0
BRDA:1334,123,0,0
BRDA:1334,123,1,0
BRDA:1351,124,0,0
BRDA:1351,124,1,0
BRDA:1352,125,0,0
BRDA:1352,125,1,0
BRDA:1368,126,0,0
BRDA:1368,126,1,0
BRDA:1369,127,0,0
BRDA:1369,127,1,0
BRDA:1374,128,0,0
BRDA:1374,128,1,0
BRDA:1384,129,0,0
BRDA:1384,129,1,0
BRDA:1394,130,0,0
BRDA:1394,130,1,0
BRDA:1414,131,0,0
BRDA:1414,131,1,0
BRDA:1415,132,0,0
BRDA:1415,132,1,0
BRDA:1421,133,0,0
BRDA:1421,133,1,0
BRDA:1429,134,0,0
BRDA:1429,134,1,0
BRDA:1449,135,0,0
BRDA:1449,135,1,0
BRDA:1450,136,0,0
BRDA:1450,136,1,0
BRDA:1454,137,0,0
BRDA:1454,137,1,0
BRDA:1466,138,0,0
BRDA:1466,138,1,0
BRDA:1476,139,0,0
BRDA:1476,139,1,0
BRDA:1492,140,0,0
BRDA:1492,140,1,0
BRDA:1525,141,0,0
BRDA:1525,141,1,0
BRDA:1526,142,0,0
BRDA:1526,142,1,0
BRDA:1530,143,0,0
BRDA:1530,143,1,0
BRDA:1541,144,0,0
BRDA:1541,144,1,0
BRDA:1551,145,0,0
BRDA:1551,145,1,0
BRDA:1563,146,0,0
BRDA:1563,146,1,0
BRDA:1564,147,0,0
BRDA:1564,147,1,0
BRDA:1585,148,0,0
BRDA:1585,148,1,0
BRDA:1586,149,0,0
BRDA:1586,149,1,0
BRDA:1590,150,0,0
BRDA:1590,150,1,0
BRDA:1619,151,0,0
BRDA:1619,151,1,0
BRDA:1620,152,0,0
BRDA:1620,152,1,0
BRDA:1625,153,0,0
BRDA:1625,153,1,0
BRDA:1641,154,0,0
BRDA:1641,154,1,0
BRDA:1655,155,0,0
BRDA:1655,155,1,0
BRDA:1669,156,0,0
BRDA:1669,156,1,0
BRDA:1670,157,0,0
BRDA:1670,157,1,0
BRDA:1672,158,0,0
BRDA:1672,158,1,0
BRDA:1680,159,0,0
BRDA:1680,159,1,0
BRDA:1688,160,0,0
BRDA:1688,160,1,0
BRDA:1697,161,0,0
BRDA:1697,161,1,0
BRDA:1712,162,0,0
BRDA:1712,162,1,0
BRDA:1726,163,0,0
BRDA:1726,163,1,0
BRDA:1740,164,0,0
BRDA:1740,164,1,0
BRDA:1741,165,0,0
BRDA:1741,165,1,0
BRDA:1743,166,0,0
BRDA:1743,166,1,0
BRDA:1751,167,0,0
BRDA:1751,167,1,0
BRDA:1759,168,0,0
BRDA:1759,168,1,0
BRDA:1768,169,0,0
BRDA:1768,169,1,0
BRDA:1785,170,0,0
BRDA:1785,170,1,0
BRDA:1797,171,0,0
BRDA:1797,171,1,0
BRDA:1799,172,0,0
BRDA:1799,172,1,0
BRDA:1813,173,0,0
BRDA:1813,173,1,0
BRDA:1826,174,0,0
BRDA:1826,174,1,0
BRDA:1826,175,0,0
BRDA:1826,175,1,0
BRDA:1828,176,0,0
BRDA:1828,176,1,0
BRDA:1836,177,0,0
BRDA:1836,177,1,0
BRDA:1836,178,0,0
BRDA:1836,178,1,0
BRDA:1844,179,0,0
BRDA:1844,179,1,0
BRDA:1888,180,0,0
BRDA:1888,180,1,0
BRDA:1888,181,0,0
BRDA:1888,181,1,0
BRDA:1918,182,0,0
BRDA:1918,182,1,0
BRDA:1930,183,0,0
BRDA:1930,183,1,0
BRDA:1930,184,0,0
BRDA:1930,184,1,0
BRDA:1930,184,2,0
BRDA:1933,185,0,0
BRDA:1933,185,1,0
BRDA:1948,186,0,0
BRDA:1948,186,1,0
BRDA:1952,187,0,0
BRDA:1952,187,1,0
BRDA:1967,188,0,0
BRDA:1967,188,1,0
BRDA:1972,189,0,0
BRDA:1972,189,1,0
BRDA:1979,190,0,0
BRDA:1979,190,1,0
BRDA:1991,191,0,0
BRDA:1991,191,1,0
BRDA:1991,192,0,0
BRDA:1991,192,1,0
BRDA:1997,193,0,0
BRDA:1997,193,1,0
BRDA:2000,194,0,0
BRDA:2000,194,1,0
BRDA:2007,195,0,0
BRDA:2007,195,1,0
BRDA:2007,196,0,0
BRDA:2007,196,1,0
BRDA:2029,197,0,0
BRDA:2029,197,1,0
BRDA:2036,198,0,0
BRDA:2036,198,1,0
BRDA:2049,199,0,0
BRDA:2049,199,1,0
BRDA:2056,200,0,0
BRDA:2056,200,1,0
BRDA:2095,201,0,0
BRDA:2095,201,1,0
BRDA:2101,202,0,0
BRDA:2101,202,1,0
BRDA:2109,203,0,0
BRDA:2109,203,1,0
BRDA:2112,204,0,0
BRDA:2112,204,1,0
BRDA:2114,205,0,0
BRDA:2114,205,1,0
BRDA:2127,206,0,0
BRDA:2127,206,1,0
BRDA:2137,207,0,0
BRDA:2137,207,1,0
BRDA:2139,208,0,0
BRDA:2139,208,1,0
BRDA:2156,209,0,0
BRDA:2156,209,1,0
BRDA:2157,210,0,0
BRDA:2157,210,1,0
BRDA:2163,211,0,0
BRDA:2163,211,1,0
BRDA:2173,212,0,0
BRDA:2173,212,1,0
BRDA:2181,213,0,0
BRDA:2181,213,1,0
BRDA:2198,214,0,0
BRDA:2198,214,1,0
BRDA:2203,215,0,0
BRDA:2203,215,1,0
BRDA:2216,216,0,0
BRDA:2216,216,1,0
BRDA:2217,217,0,0
BRDA:2217,217,1,0
BRDA:2236,218,0,0
BRDA:2236,218,1,0
BRDA:2237,219,0,0
BRDA:2237,219,1,0
BRDA:2286,220,0,0
BRDA:2286,220,1,0
BRDA:2287,221,0,0
BRDA:2287,221,1,0
BRDA:2294,222,0,0
BRDA:2294,222,1,0
BRDA:2302,223,0,0
BRDA:2302,223,1,0
BRDA:2310,224,0,0
BRDA:2310,224,1,0
BRDA:2360,225,0,0
BRDA:2360,225,1,0
BRDA:2375,226,0,0
BRDA:2375,226,1,0
BRDA:2396,227,0,0
BRDA:2396,227,1,0
BRDA:2404,228,0,0
BRDA:2404,228,1,0
BRDA:2414,229,0,0
BRDA:2414,229,1,0
BRDA:2448,230,0,0
BRDA:2448,230,1,0
BRDA:2448,231,0,0
BRDA:2448,231,1,0
BRDA:2449,232,0,0
BRDA:2449,232,1,0
BRDA:2468,233,0,0
BRDA:2468,233,1,0
BRDA:2468,234,0,0
BRDA:2468,234,1,0
BRDA:2508,235,0,0
BRDA:2508,235,1,0
BRDA:2512,236,0,0
BRDA:2512,236,1,0
BRDA:2525,237,0,0
BRDA:2525,237,1,0
BRDA:2526,238,0,0
BRDA:2526,238,1,0
BRDA:2526,239,0,0
BRDA:2526,239,1,0
BRDA:2570,240,0,0
BRDA:2570,240,1,0
BRDA:2587,241,0,0
BRDA:2587,241,1,0
BRDA:2588,242,0,0
BRDA:2588,242,1,0
BRDA:2588,243,0,0
BRDA:2588,243,1,0
BRDA:2609,244,0,0
BRDA:2609,244,1,0
BRDA:2613,245,0,0
BRDA:2613,245,1,0
BRDA:2625,246,0,0
BRDA:2625,246,1,0
BRDA:2640,247,0,0
BRDA:2640,247,1,0
BRDA:2642,248,0,0
BRDA:2642,248,1,0
BRDA:2667,249,0,0
BRDA:2667,249,1,0
BRDA:2673,250,0,0
BRDA:2673,250,1,0
BRDA:2673,251,0,0
BRDA:2673,251,1,0
BRDA:2683,252,0,0
BRDA:2683,252,1,0
BRDA:2695,253,0,0
BRDA:2695,253,1,0
BRDA:2719,254,0,0
BRDA:2719,254,1,0
BRDA:2720,255,0,0
BRDA:2720,255,1,0
BRDA:2724,256,0,0
BRDA:2724,256,1,0
BRDA:2733,257,0,0
BRDA:2733,257,1,0
BRDA:2733,257,2,0
BRDA:2746,258,0,0
BRDA:2746,258,1,0
BRDA:2747,259,0,0
BRDA:2747,259,1,0
BRDA:2749,260,0,0
BRDA:2749,260,1,0
BRDA:2758,261,0,0
BRDA:2758,261,1,0
BRDA:2788,262,0,0
BRDA:2788,262,1,0
BRDA:2820,263,0,0
BRDA:2820,263,1,0
BRDA:2854,264,0,0
BRDA:2854,264,1,0
BRDA:2876,265,0,0
BRDA:2876,265,1,0
BRDA:2882,266,0,0
BRDA:2882,266,1,0
BRDA:2895,267,0,0
BRDA:2895,267,1,0
BRDA:2896,268,0,0
BRDA:2896,268,1,0
BRDA:2896,269,0,0
BRDA:2896,269,1,0
BRDA:2941,270,0,0
BRDA:2941,270,1,0
BRDA:2951,271,0,0
BRDA:2951,271,1,0
BRDA:2952,272,0,0
BRDA:2952,272,1,0
BRDA:2952,273,0,0
BRDA:2952,273,1,0
BRDA:3004,274,0,0
BRDA:3004,274,1,0
BRDA:3018,275,0,0
BRDA:3018,275,1,0
BRDA:3047,276,0,0
BRDA:3047,276,1,0
BRDA:3070,277,0,0
BRDA:3070,277,1,0
BRDA:3072,278,0,0
BRDA:3072,278,1,0
BRDA:3072,279,0,0
BRDA:3072,279,1,0
BRDA:3117,280,0,0
BRDA:3117,280,1,0
BRDA:3136,281,0,0
BRDA:3136,281,1,0
BRDA:3140,282,0,0
BRDA:3140,282,1,0
BRDA:3150,283,0,0
BRDA:3150,283,1,0
BRDA:3167,284,0,0
BRDA:3167,284,1,0
BRDA:3169,285,0,0
BRDA:3169,285,1,0
BRDA:3174,286,0,0
BRDA:3174,286,1,0
BRDA:3179,287,0,0
BRDA:3179,287,1,0
BRDA:3189,288,0,0
BRDA:3189,288,1,0
BRDA:3189,289,0,0
BRDA:3189,289,1,0
BRDA:3193,290,0,0
BRDA:3193,290,1,0
BRDA:3197,291,0,0
BRDA:3197,291,1,0
BRDA:3203,292,0,0
BRDA:3203,292,1,0
BRDA:3205,293,0,0
BRDA:3205,293,1,0
BRDA:3208,294,0,0
BRDA:3208,294,1,0
BRDA:3222,295,0,0
BRDA:3222,295,1,0
BRDA:3222,296,0,0
BRDA:3222,296,1,0
BRDA:3257,297,0,0
BRDA:3257,297,1,0
BRDA:3259,298,0,0
BRDA:3259,298,1,0
BRDA:3302,299,0,0
BRDA:3302,299,1,0
BRDA:3304,300,0,0
BRDA:3304,300,1,0
BRDA:3311,301,0,0
BRDA:3311,301,1,0
BRDA:3344,302,0,0
BRDA:3344,302,1,0
BRDA:3361,303,0,0
BRDA:3361,303,1,0
BRDA:3373,304,0,0
BRDA:3373,304,1,0
BRDA:3378,305,0,0
BRDA:3378,305,1,0
BRF:614
BRH:0
end_of_record
TN:
SF:/Users/sychram/Repositories/thinx-device-api/lib/thinx/apienv.js
FN:3,(anonymous_0)
FN:27,(anonymous_1)
FN:33,(anonymous_2)
FN:38,(anonymous_3)
FN:66,(anonymous_4)
FN:84,(anonymous_5)
FN:87,(anonymous_6)
FN:106,(anonymous_7)
FN:109,(anonymous_8)
FN:152,(anonymous_9)
FN:171,(anonymous_10)
FN:173,(anonymous_11)
FNF:12
FNH:4
FNDA:1,(anonymous_0)
FNDA:1,(anonymous_1)
FNDA:0,(anonymous_2)
FNDA:0,(anonymous_3)
FNDA:0,(anonymous_4)
FNDA:0,(anonymous_5)
FNDA:0,(anonymous_6)
FNDA:1,(anonymous_7)
FNDA:0,(anonymous_8)
FNDA:0,(anonymous_9)
FNDA:1,(anonymous_10)
FNDA:0,(anonymous_11)
DA:3,1
DA:5,1
DA:6,1
DA:8,1
DA:10,1
DA:11,1
DA:17,1
DA:29,1
DA:30,1
DA:33,1
DA:36,0
DA:37,0
DA:40,0
DA:41,0
DA:43,0
DA:46,0
DA:49,0
DA:50,0
DA:51,0
DA:55,0
DA:56,0
DA:57,0
DA:58,0
DA:59,0
DA:61,0
DA:63,0
DA:65,0
DA:67,0
DA:68,0
DA:70,0
DA:87,0
DA:90,0
DA:91,0
DA:93,0
DA:109,1
DA:112,0
DA:113,0
DA:114,0
DA:115,0
DA:119,0
DA:120,0
DA:121,0
DA:125,0
DA:126,0
DA:127,0
DA:128,0
DA:129,0
DA:130,0
DA:131,0
DA:132,0
DA:133,0
DA:134,0
DA:135,0
DA:136,0
DA:137,0
DA:138,0
DA:142,0
DA:143,0
DA:147,0
DA:148,0
DA:149,0
DA:152,0
DA:154,0
DA:155,0
DA:156,0
DA:158,0
DA:159,0
DA:173,1
DA:176,0
DA:177,0
DA:178,0
DA:179,0
DA:180,0
DA:183,0
DA:184,0
DA:185,0
DA:186,0
DA:187,0
DA:189,0
DA:190,0
DA:191,0
DA:193,0
DA:195,0
DA:201,1
DA:205,1
DA:206,1
DA:207,1
DA:208,1
LF:88
LH:17
BRDA:36,0,0,0
BRDA:36,0,1,0
BRDA:40,1,0,0
BRDA:40,1,1,0
BRDA:50,2,0,0
BRDA:50,2,1,0
BRDA:58,3,0,0
BRDA:58,3,1,0
BRDA:67,4,0,0
BRDA:67,4,1,0
BRDA:90,5,0,0
BRDA:90,5,1,0
BRDA:112,6,0,0
BRDA:112,6,1,0
BRDA:119,7,0,0
BRDA:119,7,1,0
BRDA:119,8,0,0
BRDA:119,8,1,0
BRDA:134,9,0,0
BRDA:134,9,1,0
BRDA:137,10,0,0
BRDA:137,10,1,0
BRDA:142,11,0,0
BRDA:142,11,1,0
BRDA:147,12,0,0
BRDA:147,12,1,0
BRDA:154,13,0,0
BRDA:154,13,1,0
BRDA:176,14,0,0
BRDA:176,14,1,0
BRDA:183,15,0,0
BRDA:183,15,1,0
BRDA:183,16,0,0
BRDA:183,16,1,0
BRDA:186,17,0,0
BRDA:186,17,1,0
BRF:36
BRH:0
end_of_record
TN:
SF:/Users/sychram/Repositories/thinx-device-api/lib/thinx/apikey.js
FN:4,(anonymous_0)
FN:37,(anonymous_1)
FN:54,(anonymous_2)
FN:65,(anonymous_3)
FN:69,(anonymous_4)
FN:92,(anonymous_5)
FN:113,(anonymous_6)
FN:116,(anonymous_7)
FN:160,(anonymous_8)
FN:163,(anonymous_9)
FN:199,(anonymous_10)
FN:222,(anonymous_11)
FN:224,(anonymous_12)
FNF:13
FNH:6
FNDA:1,(anonymous_0)
FNDA:3,(anonymous_1)
FNDA:3,(anonymous_2)
FNDA:0,(anonymous_3)
FNDA:0,(anonymous_4)
FNDA:0,(anonymous_5)
FNDA:2,(anonymous_6)
FNDA:0,(anonymous_7)
FNDA:1,(anonymous_8)
FNDA:0,(anonymous_9)
FNDA:0,(anonymous_10)
FNDA:3,(anonymous_11)
FNDA:0,(anonymous_12)
DA:4,1
DA:6,1
DA:7,1
DA:8,1
DA:10,1
DA:11,1
DA:12,1
DA:18,1
DA:20,1
DA:21,1
DA:22,1
DA:23,1
DA:24,0
DA:30,1
DA:38,3
DA:44,1
DA:56,3
DA:58,3
DA:65,3
DA:68,0
DA:69,0
DA:71,0
DA:72,0
DA:73,0
DA:74,0
DA:77,0
DA:78,0
DA:79,0
DA:83,0
DA:87,0
DA:88,0
DA:89,0
DA:91,0
DA:92,0
DA:94,0
DA:95,0
DA:96,0
DA:98,0
DA:116,2
DA:119,0
DA:120,0
DA:121,0
DA:123,0
DA:127,0
DA:128,0
DA:129,0
DA:130,0
DA:131,0
DA:132,0
DA:134,0
DA:137,0
DA:139,0
DA:140,0
DA:141,0
DA:144,0
DA:145,0
DA:146,0
DA:163,1
DA:166,0
DA:167,0
DA:168,0
DA:169,0
DA:172,0
DA:173,0
DA:176,0
DA:177,0
DA:179,0
DA:180,0
DA:184,0
DA:185,0
DA:187,0
DA:188,0
DA:189,0
DA:190,0
DA:194,0
DA:195,0
DA:199,0
DA:201,0
DA:202,0
DA:203,0
DA:205,0
DA:211,0
DA:224,3
DA:227,0
DA:228,0
DA:229,0
DA:230,0
DA:233,0
DA:234,0
DA:235,0
DA:236,0
DA:238,0
DA:239,0
DA:240,0
DA:241,0
DA:242,0
DA:244,0
DA:245,0
DA:246,0
DA:250,0
DA:255,0
DA:257,0
DA:259,0
DA:265,1
DA:269,1
DA:270,1
DA:271,1
DA:272,1
LF:108
LH:26
BRDA:23,0,0,0
BRDA:23,0,1,0
BRDA:68,1,0,0
BRDA:68,1,1,0
BRDA:71,2,0,0
BRDA:71,2,1,0
BRDA:73,3,0,0
BRDA:73,3,1,0
BRDA:78,4,0,0
BRDA:78,4,1,0
BRDA:88,5,0,0
BRDA:88,5,1,0
BRDA:94,6,0,0
BRDA:94,6,1,0
BRDA:95,7,0,0
BRDA:95,7,1,0
BRDA:119,8,0,0
BRDA:119,8,1,0
BRDA:120,9,0,0
BRDA:120,9,1,0
BRDA:127,10,0,0
BRDA:127,10,1,0
BRDA:127,11,0,0
BRDA:127,11,1,0
BRDA:130,12,0,0
BRDA:130,12,1,0
BRDA:131,13,0,0
BRDA:131,13,1,0
BRDA:139,14,0,0
BRDA:139,14,1,0
BRDA:145,15,0,0
BRDA:145,15,1,0
BRDA:166,16,0,0
BRDA:166,16,1,0
BRDA:176,17,0,0
BRDA:176,17,1,0
BRDA:176,18,0,0
BRDA:176,18,1,0
BRDA:187,19,0,0
BRDA:187,19,1,0
BRDA:194,20,0,0
BRDA:194,20,1,0
BRDA:201,21,0,0
BRDA:201,21,1,0
BRDA:227,22,0,0
BRDA:227,22,1,0
BRDA:233,23,0,0
BRDA:233,23,1,0
BRDA:233,24,0,0
BRDA:233,24,1,0
BRDA:235,25,0,0
BRDA:235,25,1,0
BRDA:245,26,0,0
BRDA:245,26,1,0
BRF:54
BRH:0
end_of_record
TN:
SF:/Users/sychram/Repositories/thinx-device-api/lib/thinx/audit.js
FN:5,(anonymous_0)
FN:30,(anonymous_1)
FN:38,(anonymous_2)
FN:47,(anonymous_3)
FN:52,(anonymous_4)
FNF:5
FNH:5
FNDA:1,(anonymous_0)
FNDA:8,(anonymous_1)
FNDA:8,(anonymous_2)
FNDA:1,(anonymous_3)
FNDA:1,(anonymous_4)
DA:5,1
DA:7,1
DA:8,1
DA:9,0
DA:10,0
DA:12,1
DA:13,1
DA:15,1
DA:16,1
DA:17,1
DA:18,1
DA:19,0
DA:25,1
DA:28,1
DA:31,8
DA:32,8
DA:38,8
DA:40,8
DA:41,8
DA:42,8
DA:48,1
DA:49,1
DA:53,1
DA:54,1
DA:55,1
DA:57,0
DA:58,0
DA:59,0
DA:60,0
DA:62,0
DA:63,0
DA:64,0
DA:66,0
DA:72,0
DA:78,1
DA:82,1
DA:83,1
LF:37
LH:25
BRDA:8,0,0,0
BRDA:8,0,1,1
BRDA:18,1,0,0
BRDA:18,1,1,1
BRDA:30,2,0,5
BRDA:40,3,0,8
BRDA:40,3,1,0
BRDA:53,4,0,1
BRDA:53,4,1,0
BRDA:59,5,0,0
BRDA:59,5,1,0
BRDA:63,6,0,0
BRDA:63,6,1,0
BRF:13
BRH:5
end_of_record
TN:
SF:/Users/sychram/Repositories/thinx-device-api/lib/thinx/builder.js
FN:3,(anonymous_0)
FN:45,(anonymous_1)
FN:71,ack
FN:88,(anonymous_3)
FN:117,(anonymous_4)
FN:138,(anonymous_5)
FN:175,(anonymous_6)
FN:216,(anonymous_7)
FN:240,(anonymous_8)
FN:258,(anonymous_9)
FN:339,(anonymous_10)
FN:369,(anonymous_11)
FN:421,(anonymous_12)
FN:447,(anonymous_13)
FN:458,(anonymous_14)
FN:467,(anonymous_15)
FN:538,(anonymous_16)
FN:544,(anonymous_17)
FN:584,(anonymous_18)
FN:631,(anonymous_19)
FN:705,(anonymous_20)
FN:709,(anonymous_21)
FN:738,(anonymous_22)
FN:741,(anonymous_23)
FN:747,(anonymous_24)
FNF:25
FNH:5
FNDA:1,(anonymous_0)
FNDA:0,(anonymous_1)
FNDA:0,ack
FNDA:0,(anonymous_3)
FNDA:0,(anonymous_4)
FNDA:0,(anonymous_5)
FNDA:0,(anonymous_6)
FNDA:0,(anonymous_7)
FNDA:0,(anonymous_8)
FNDA:0,(anonymous_9)
FNDA:0,(anonymous_10)
FNDA:0,(anonymous_11)
FNDA:0,(anonymous_12)
FNDA:0,(anonymous_13)
FNDA:0,(anonymous_14)
FNDA:0,(anonymous_15)
FNDA:2,(anonymous_16)
FNDA:0,(anonymous_17)
FNDA:2,(anonymous_18)
FNDA:0,(anonymous_19)
FNDA:0,(anonymous_20)
FNDA:0,(anonymous_21)
FNDA:2,(anonymous_22)
FNDA:0,(anonymous_23)
FNDA:1,(anonymous_24)
DA:3,1
DA:5,1
DA:6,1
DA:7,0
DA:8,0
DA:10,1
DA:11,1
DA:13,1
DA:14,1
DA:15,1
DA:16,1
DA:17,1
DA:18,1
DA:19,1
DA:21,1
DA:22,1
DA:23,1
DA:24,1
DA:25,0
DA:31,1
DA:32,1
DA:34,1
DA:35,1
DA:36,1
DA:37,1
DA:38,1
DA:40,1
DA:43,1
DA:49,0
DA:50,0
DA:52,0
DA:54,0
DA:55,0
DA:58,0
DA:67,0
DA:68,0
DA:69,0
DA:70,0
DA:71,0
DA:72,0
DA:73,0
DA:77,0
DA:80,0
DA:83,0
DA:92,0
DA:93,0
DA:94,0
DA:95,0
DA:97,0
DA:100,0
DA:101,0
DA:102,0
DA:103,0
DA:105,0
DA:110,0
DA:112,0
DA:113,0
DA:117,0
DA:119,0
DA:120,0
DA:121,0
DA:124,0
DA:128,0
DA:129,0
DA:130,0
DA:136,0
DA:138,0
DA:140,0
DA:141,0
DA:142,0
DA:143,0
DA:145,0
DA:146,0
DA:147,0
DA:150,0
DA:151,0
DA:154,0
DA:155,0
DA:158,0
DA:159,0
DA:162,0
DA:163,0
DA:164,0
DA:165,0
DA:166,0
DA:167,0
DA:175,0
DA:176,0
DA:177,0
DA:178,0
DA:179,0
DA:180,0
DA:181,0
DA:185,0
DA:186,0
DA:188,0
DA:194,0
DA:197,0
DA:200,0
DA:201,0
DA:203,0
DA:204,0
DA:205,0
DA:206,0
DA:210,0
DA:212,0
DA:213,0
DA:214,0
DA:215,0
DA:216,0
DA:219,0
DA:220,0
DA:221,0
DA:224,0
DA:225,0
DA:226,0
DA:227,0
DA:228,0
DA:229,0
DA:230,0
DA:232,0
DA:236,0
DA:239,0
DA:240,0
DA:243,0
DA:246,0
DA:248,0
DA:249,0
DA:252,0
DA:253,0
DA:256,0
DA:258,0
DA:260,0
DA:261,0
DA:263,0
DA:264,0
DA:265,0
DA:266,0
DA:269,0
DA:272,0
DA:274,0
DA:277,0
DA:278,0
DA:281,0
DA:284,0
DA:285,0
DA:286,0
DA:287,0
DA:290,0
DA:294,0
DA:296,0
DA:297,0
DA:301,0
DA:302,0
DA:303,0
DA:305,0
DA:308,0
DA:309,0
DA:310,0
DA:312,0
DA:314,0
DA:315,0
DA:317,0
DA:319,0
DA:324,0
DA:325,0
DA:326,0
DA:330,0
DA:332,0
DA:338,0
DA:340,0
DA:342,0
DA:344,0
DA:345,0
DA:349,0
DA:350,0
DA:351,0
DA:352,0
DA:353,0
DA:354,0
DA:356,0
DA:357,0
DA:359,0
DA:360,0
DA:361,0
DA:362,0
DA:363,0
DA:364,0
DA:365,0
DA:366,0
DA:368,0
DA:370,0
DA:371,0
DA:372,0
DA:373,0
DA:376,0
DA:380,0
DA:381,0
DA:385,0
DA:390,0
DA:392,0
DA:393,0
DA:394,0
DA:397,0
DA:400,0
DA:403,0
DA:410,0
DA:411,0
DA:414,0
DA:415,0
DA:416,0
DA:417,0
DA:418,0
DA:421,0
DA:423,0
DA:424,0
DA:428,0
DA:429,0
DA:432,0
DA:435,0
DA:437,0
DA:439,0
DA:443,0
DA:447,0
DA:448,0
DA:449,0
DA:450,0
DA:451,0
DA:453,0
DA:454,0
DA:458,0
DA:459,0
DA:460,0
DA:461,0
DA:462,0
DA:467,0
DA:468,0
DA:472,0
DA:474,0
DA:475,0
DA:484,0
DA:485,0
DA:486,0
DA:487,0
DA:491,0
DA:497,0
DA:498,0
DA:507,0
DA:508,0
DA:509,0
DA:510,0
DA:514,0
DA:523,0
DA:536,1
DA:540,2
DA:543,2
DA:544,0
DA:547,2
DA:548,2
DA:549,2
DA:552,2
DA:553,2
DA:554,0
DA:558,0
DA:560,2
DA:562,0
DA:565,2
DA:566,0
DA:570,0
DA:573,2
DA:574,0
DA:578,0
DA:581,2
DA:586,2
DA:587,2
DA:588,0
DA:593,2
DA:594,2
DA:597,0
DA:598,0
DA:600,0
DA:603,0
DA:604,0
DA:605,0
DA:607,0
DA:608,0
DA:609,0
DA:611,0
DA:614,0
DA:615,0
DA:616,0
DA:617,0
DA:622,0
DA:623,0
DA:624,0
DA:625,0
DA:628,0
DA:631,0
DA:633,0
DA:634,0
DA:635,0
DA:639,0
DA:642,0
DA:643,0
DA:644,0
DA:647,0
DA:650,0
DA:652,0
DA:655,0
DA:659,0
DA:660,0
DA:661,0
DA:662,0
DA:663,0
DA:665,0
DA:666,0
DA:667,0
DA:668,0
DA:672,0
DA:675,0
DA:679,0
DA:682,0
DA:683,0
DA:684,0
DA:687,0
DA:699,0
DA:700,0
DA:701,0
DA:703,0
DA:705,0
DA:706,0
DA:707,0
DA:708,0
DA:711,0
DA:712,0
DA:718,0
DA:719,0
DA:725,0
DA:732,0
DA:739,2
DA:740,2
DA:741,0
DA:744,0
DA:748,1
DA:749,1
DA:750,0
DA:751,0
DA:752,0
DA:754,0
DA:755,0
DA:756,0
DA:757,0
DA:758,0
DA:761,0
DA:764,0
DA:769,1
DA:773,1
DA:774,1
DA:775,1
LF:359
LH:49
BRDA:6,0,0,0
BRDA:6,0,1,1
BRDA:24,1,0,0
BRDA:24,1,1,1
BRDA:49,2,0,0
BRDA:49,2,1,0
BRDA:54,3,0,0
BRDA:54,3,1,0
BRDA:68,4,0,0
BRDA:68,4,1,0
BRDA:68,5,0,0
BRDA:68,5,1,0
BRDA:70,6,0,0
BRDA:70,6,1,0
BRDA:72,7,0,0
BRDA:72,7,1,0
BRDA:92,8,0,0
BRDA:92,8,1,0
BRDA:94,9,0,0
BRDA:94,9,1,0
BRDA:100,10,0,0
BRDA:100,10,1,0
BRDA:102,11,0,0
BRDA:102,11,1,0
BRDA:102,12,0,0
BRDA:102,12,1,0
BRDA:119,13,0,0
BRDA:119,13,1,0
BRDA:140,14,0,0
BRDA:140,14,1,0
BRDA:142,15,0,0
BRDA:142,15,1,0
BRDA:154,16,0,0
BRDA:154,16,1,0
BRDA:158,17,0,0
BRDA:158,17,1,0
BRDA:164,18,0,0
BRDA:164,18,1,0
BRDA:176,19,0,0
BRDA:176,19,1,0
BRDA:213,20,0,0
BRDA:213,20,1,0
BRDA:213,21,0,0
BRDA:213,21,1,0
BRDA:216,22,0,0
BRDA:216,22,1,0
BRDA:219,23,0,0
BRDA:219,23,1,0
BRDA:248,24,0,0
BRDA:248,24,1,0
BRDA:252,25,0,0
BRDA:252,25,1,0
BRDA:260,26,0,0
BRDA:260,26,1,0
BRDA:296,27,0,0
BRDA:296,27,1,0
BRDA:314,28,0,0
BRDA:314,28,1,0
BRDA:314,29,0,0
BRDA:314,29,1,0
BRDA:324,30,0,0
BRDA:324,30,1,0
BRDA:340,31,0,0
BRDA:340,31,1,0
BRDA:370,32,0,0
BRDA:370,32,1,0
BRDA:380,33,0,0
BRDA:380,33,1,0
BRDA:410,34,0,0
BRDA:410,34,1,0
BRDA:414,35,0,0
BRDA:414,35,1,0
BRDA:423,36,0,0
BRDA:423,36,1,0
BRDA:450,37,0,0
BRDA:450,37,1,0
BRDA:453,38,0,0
BRDA:453,38,1,0
BRDA:461,39,0,0
BRDA:461,39,1,0
BRDA:472,40,0,0
BRDA:472,40,1,0
BRDA:485,41,0,0
BRDA:485,41,1,0
BRDA:485,42,0,0
BRDA:485,42,1,0
BRDA:508,43,0,0
BRDA:508,43,1,0
BRDA:508,44,0,0
BRDA:508,44,1,0
BRDA:543,45,0,0
BRDA:543,45,1,2
BRDA:548,46,0,2
BRDA:548,46,1,0
BRDA:552,47,0,2
BRDA:552,47,1,0
BRDA:553,48,0,0
BRDA:553,48,1,2
BRDA:565,49,0,0
BRDA:565,49,1,2
BRDA:573,50,0,0
BRDA:573,50,1,2
BRDA:586,51,0,2
BRDA:586,51,1,0
BRDA:587,52,0,0
BRDA:587,52,1,2
BRDA:604,53,0,0
BRDA:604,53,1,0
BRDA:608,54,0,0
BRDA:608,54,1,0
BRDA:614,55,0,0
BRDA:614,55,1,0
BRDA:615,56,0,0
BRDA:615,56,1,0
BRDA:622,57,0,0
BRDA:622,57,1,0
BRDA:622,58,0,0
BRDA:622,58,1,0
BRDA:633,59,0,0
BRDA:633,59,1,0
BRDA:642,60,0,0
BRDA:642,60,1,0
BRDA:661,61,0,0
BRDA:661,61,1,0
BRDA:665,62,0,0
BRDA:665,62,1,0
BRDA:672,63,0,0
BRDA:672,63,1,0
BRDA:672,64,0,0
BRDA:672,64,1,0
BRDA:672,64,2,0
BRDA:672,64,3,0
BRDA:672,64,4,0
BRDA:672,64,5,0
BRDA:672,64,6,0
BRDA:672,64,7,0
BRDA:706,65,0,0
BRDA:706,65,1,0
BRDA:711,66,0,0
BRDA:711,66,1,0
BRDA:718,67,0,0
BRDA:718,67,1,0
BRDA:755,68,0,0
BRDA:755,68,1,0
BRF:144
BRH:10
end_of_record
TN:
SF:/Users/sychram/Repositories/thinx-device-api/lib/thinx/buildlog.js
FN:3,(anonymous_0)
FN:35,(anonymous_1)
FN:45,ab2str
FN:49,str2ab
FN:63,(anonymous_4)
FN:81,(anonymous_5)
FN:103,(anonymous_6)
FN:118,(anonymous_7)
FN:140,(anonymous_8)
FN:159,(anonymous_9)
FN:163,(anonymous_10)
FN:183,(anonymous_11)
FN:202,(anonymous_12)
FN:204,(anonymous_13)
FN:253,(anonymous_14)
FN:259,(anonymous_15)
FN:290,(anonymous_16)
FN:298,(anonymous_17)
FN:419,(anonymous_18)
FN:435,(anonymous_19)
FN:466,(anonymous_20)
FNF:21
FNH:15
FNDA:1,(anonymous_0)
FNDA:1,(anonymous_1)
FNDA:1,ab2str
FNDA:0,str2ab
FNDA:2,(anonymous_4)
FNDA:0,(anonymous_5)
FNDA:0,(anonymous_6)
FNDA:2,(anonymous_7)
FNDA:2,(anonymous_8)
FNDA:2,(anonymous_9)
FNDA:2,(anonymous_10)
FNDA:0,(anonymous_11)
FNDA:2,(anonymous_12)
FNDA:2,(anonymous_13)
FNDA:1,(anonymous_14)
FNDA:1,(anonymous_15)
FNDA:1,(anonymous_16)
FNDA:1,(anonymous_17)
FNDA:0,(anonymous_18)
FNDA:0,(anonymous_19)
FNDA:2,(anonymous_20)
DA:3,1
DA:5,1
DA:6,1
DA:7,0
DA:8,0
DA:10,1
DA:11,1
DA:13,1
DA:14,1
DA:15,1
DA:16,1
DA:18,1
DA:19,1
DA:20,1
DA:21,1
DA:23,1
DA:25,1
DA:26,1
DA:27,1
DA:28,1
DA:29,0
DA:35,1
DA:36,1
DA:37,1
DA:38,0
DA:43,1
DA:46,1
DA:50,0
DA:51,0
DA:52,0
DA:53,0
DA:55,0
DA:58,1
DA:64,2
DA:66,2
DA:71,1
DA:83,0
DA:84,0
DA:87,0
DA:88,0
DA:91,0
DA:92,0
DA:95,0
DA:96,0
DA:99,0
DA:101,0
DA:102,0
DA:103,0
DA:104,0
DA:105,0
DA:120,2
DA:121,0
DA:124,2
DA:127,2
DA:135,2
DA:136,0
DA:140,2
DA:143,2
DA:145,2
DA:146,2
DA:157,2
DA:159,2
DA:161,2
DA:162,2
DA:163,2
DA:165,2
DA:166,2
DA:169,0
DA:178,0
DA:181,0
DA:185,0
DA:186,0
DA:189,0
DA:204,2
DA:206,2
DA:207,2
DA:208,2
DA:209,0
DA:211,2
DA:213,1
DA:216,0
DA:217,0
DA:218,0
DA:219,0
DA:222,0
DA:223,0
DA:224,0
DA:225,0
DA:227,0
DA:228,0
DA:229,0
DA:231,0
DA:232,0
DA:233,0
DA:237,0
DA:239,0
DA:242,0
DA:255,1
DA:260,1
DA:262,1
DA:266,0
DA:267,0
DA:268,0
DA:269,0
DA:270,0
DA:271,0
DA:275,0
DA:292,1
DA:294,1
DA:295,1
DA:298,1
DA:300,1
DA:301,0
DA:302,0
DA:305,1
DA:306,0
DA:307,0
DA:308,0
DA:313,0
DA:314,0
DA:316,0
DA:319,1
DA:320,0
DA:321,0
DA:322,0
DA:326,1
DA:327,1
DA:330,1
DA:333,1
DA:334,0
DA:337,1
DA:344,1
DA:346,1
DA:347,1
DA:349,0
DA:352,1
DA:353,0
DA:354,0
DA:355,0
DA:359,1
DA:361,1
DA:362,1
DA:365,1
DA:367,1
DA:368,0
DA:369,0
DA:371,0
DA:374,1
DA:377,1
DA:378,1
DA:379,1
DA:382,1
DA:383,1
DA:384,0
DA:386,0
DA:389,0
DA:391,0
DA:394,0
DA:397,0
DA:398,0
DA:400,0
DA:402,0
DA:404,0
DA:410,0
DA:411,0
DA:412,0
DA:413,0
DA:416,0
DA:417,0
DA:419,0
DA:420,0
DA:421,0
DA:422,0
DA:423,0
DA:424,0
DA:425,0
DA:431,0
DA:435,0
DA:436,0
DA:437,0
DA:438,0
DA:443,0
DA:447,0
DA:448,0
DA:449,0
DA:450,0
DA:453,0
DA:456,0
DA:467,2
DA:468,2
DA:469,2
DA:470,2
DA:471,2
DA:476,1
DA:480,1
DA:481,1
DA:482,1
DA:483,1
DA:485,1
DA:486,1
DA:488,1
LF:201
LH:91
BRDA:6,0,0,0
BRDA:6,0,1,1
BRDA:28,1,0,0
BRDA:28,1,1,1
BRDA:36,2,0,1
BRDA:36,2,1,0
BRDA:36,3,0,1
BRDA:36,3,1,1
BRDA:37,4,0,0
BRDA:37,4,1,1
BRDA:37,5,0,1
BRDA:37,5,1,0
BRDA:83,6,0,0
BRDA:83,6,1,0
BRDA:87,7,0,0
BRDA:87,7,1,0
BRDA:91,8,0,0
BRDA:91,8,1,0
BRDA:95,9,0,0
BRDA:95,9,1,0
BRDA:104,10,0,0
BRDA:104,10,1,0
BRDA:120,11,0,0
BRDA:120,11,1,2
BRDA:135,12,0,0
BRDA:135,12,1,2
BRDA:143,13,0,2
BRDA:143,13,1,0
BRDA:143,14,0,2
BRDA:143,14,1,0
BRDA:161,15,0,2
BRDA:161,15,1,0
BRDA:165,16,0,2
BRDA:165,16,1,0
BRDA:185,17,0,0
BRDA:185,17,1,0
BRDA:206,18,0,2
BRDA:206,18,1,0
BRDA:208,19,0,0
BRDA:208,19,1,2
BRDA:216,20,0,0
BRDA:216,20,1,0
BRDA:216,21,0,0
BRDA:216,21,1,0
BRDA:228,22,0,0
BRDA:228,22,1,0
BRDA:231,23,0,0
BRDA:231,23,1,0
BRDA:260,24,0,1
BRDA:260,24,1,0
BRDA:270,25,0,0
BRDA:270,25,1,0
BRDA:294,26,0,1
BRDA:294,26,1,0
BRDA:300,27,0,0
BRDA:300,27,1,1
BRDA:305,28,0,0
BRDA:305,28,1,1
BRDA:306,29,0,0
BRDA:306,29,1,0
BRDA:306,30,0,0
BRDA:306,30,1,0
BRDA:319,31,0,0
BRDA:319,31,1,1
BRDA:326,32,0,1
BRDA:326,32,1,0
BRDA:333,33,0,0
BRDA:333,33,1,1
BRDA:333,34,0,1
BRDA:333,34,1,1
BRDA:346,35,0,1
BRDA:346,35,1,0
BRDA:352,36,0,0
BRDA:352,36,1,1
BRDA:361,37,0,1
BRDA:361,37,1,0
BRDA:367,38,0,0
BRDA:367,38,1,1
BRDA:367,39,0,1
BRDA:367,39,1,1
BRDA:382,40,0,1
BRDA:382,40,1,0
BRDA:400,41,0,0
BRDA:400,41,1,0
BRDA:410,42,0,0
BRDA:410,42,1,0
BRDA:421,43,0,0
BRDA:421,43,1,0
BRDA:422,44,0,0
BRDA:422,44,1,0
BRDA:422,45,0,0
BRDA:422,45,1,0
BRDA:423,46,0,0
BRDA:423,46,1,0
BRDA:423,47,0,0
BRDA:423,47,1,0
BRDA:437,48,0,0
BRDA:437,48,1,0
BRDA:447,49,0,0
BRDA:447,49,1,0
BRDA:447,50,0,0
BRDA:447,50,1,0
BRF:102
BRH:31
end_of_record
TN:
SF:/Users/sychram/Repositories/thinx-device-api/lib/thinx/deployment.js
FN:5,(anonymous_0)
FN:24,(anonymous_1)
FN:32,(anonymous_2)
FN:38,(anonymous_3)
FN:68,(anonymous_4)
FN:78,(anonymous_5)
FN:84,(anonymous_6)
FN:90,(anonymous_7)
FN:93,(anonymous_8)
FN:102,(anonymous_9)
FN:110,(anonymous_10)
FN:119,(anonymous_11)
FN:164,(anonymous_12)
FN:186,(anonymous_13)
FN:203,(anonymous_14)
FN:209,(anonymous_15)
FNF:16
FNH:12
FNDA:1,(anonymous_0)
FNDA:0,(anonymous_1)
FNDA:4,(anonymous_2)
FNDA:1,(anonymous_3)
FNDA:1,(anonymous_4)
FNDA:0,(anonymous_5)
FNDA:2,(anonymous_6)
FNDA:2,(anonymous_7)
FNDA:2,(anonymous_8)
FNDA:2,(anonymous_9)
FNDA:2,(anonymous_10)
FNDA:1,(anonymous_11)
FNDA:1,(anonymous_12)
FNDA:0,(anonymous_13)
FNDA:0,(anonymous_14)
FNDA:1,(anonymous_15)
DA:5,1
DA:7,1
DA:8,1
DA:9,1
DA:10,1
DA:11,1
DA:12,1
DA:14,1
DA:16,1
DA:17,1
DA:18,0
DA:19,0
DA:22,1
DA:25,0
DA:26,0
DA:27,0
DA:29,0
DA:33,4
DA:35,4
DA:41,1
DA:43,0
DA:52,0
DA:56,0
DA:59,0
DA:66,1
DA:70,1
DA:71,0
DA:74,1
DA:75,1
DA:76,1
DA:77,1
DA:78,1
DA:79,0
DA:86,2
DA:87,2
DA:88,2
DA:90,2
DA:91,2
DA:92,2
DA:93,2
DA:94,2
DA:95,0
DA:98,0
DA:101,2
DA:102,2
DA:103,2
DA:104,0
DA:111,2
DA:112,2
DA:113,2
DA:114,2
DA:116,2
DA:121,1
DA:124,1
DA:125,1
DA:126,1
DA:129,1
DA:130,1
DA:131,1
DA:134,0
DA:136,0
DA:137,0
DA:139,0
DA:141,0
DA:144,0
DA:146,0
DA:147,0
DA:148,0
DA:149,0
DA:150,0
DA:151,0
DA:152,0
DA:153,0
DA:154,0
DA:155,0
DA:161,0
DA:165,1
DA:166,1
DA:167,1
DA:168,1
DA:170,0
DA:171,0
DA:173,0
DA:174,0
DA:175,0
DA:176,0
DA:179,0
DA:181,0
DA:182,0
DA:187,0
DA:188,0
DA:189,0
DA:190,0
DA:191,0
DA:192,0
DA:193,0
DA:194,0
DA:195,0
DA:196,0
DA:197,0
DA:200,0
DA:204,0
DA:205,0
DA:206,0
DA:211,1
DA:213,1
DA:214,0
DA:215,0
DA:218,1
DA:219,1
DA:220,1
DA:223,0
DA:224,0
DA:225,0
DA:227,0
DA:228,0
DA:229,0
DA:231,0
DA:232,0
DA:234,0
DA:235,0
DA:237,0
DA:240,0
DA:241,0
DA:242,0
DA:243,0
DA:244,0
DA:246,0
DA:247,0
DA:248,0
DA:255,0
DA:257,0
DA:258,0
DA:260,0
DA:261,0
DA:263,0
DA:264,0
DA:265,0
DA:272,0
DA:274,0
DA:277,0
DA:278,0
DA:281,0
DA:282,0
DA:283,0
DA:284,0
DA:286,0
DA:289,0
DA:290,0
DA:293,0
DA:294,0
DA:295,0
DA:296,0
DA:298,0
DA:299,0
DA:304,0
DA:305,0
DA:306,0
DA:308,0
DA:309,0
DA:314,1
DA:318,1
DA:319,1
DA:320,1
DA:321,1
DA:322,1
DA:323,1
DA:324,1
DA:325,1
DA:326,1
LF:170
LH:63
BRDA:17,0,0,0
BRDA:17,0,1,1
BRDA:25,1,0,0
BRDA:25,1,1,0
BRDA:26,2,0,0
BRDA:26,2,1,0
BRDA:41,3,0,1
BRDA:41,3,1,0
BRDA:41,4,0,1
BRDA:41,4,1,0
BRDA:43,5,0,0
BRDA:43,5,1,0
BRDA:43,5,2,0
BRDA:43,5,3,0
BRDA:43,5,4,0
BRDA:43,5,5,0
BRDA:43,5,6,0
BRDA:43,5,7,0
BRDA:43,5,8,0
BRDA:43,5,9,0
BRDA:70,6,0,0
BRDA:70,6,1,1
BRDA:70,7,0,1
BRDA:70,7,1,1
BRDA:88,8,0,0
BRDA:88,8,1,2
BRDA:88,9,0,2
BRDA:88,9,1,2
BRDA:91,10,0,2
BRDA:91,10,1,0
BRDA:92,11,0,2
BRDA:92,11,1,0
BRDA:94,12,0,2
BRDA:94,12,1,0
BRDA:101,13,0,2
BRDA:101,13,1,0
BRDA:103,14,0,2
BRDA:103,14,1,0
BRDA:124,15,0,1
BRDA:124,15,1,0
BRDA:129,16,0,1
BRDA:129,16,1,0
BRDA:129,17,0,1
BRDA:129,17,1,1
BRDA:139,18,0,0
BRDA:139,18,1,0
BRDA:153,19,0,0
BRDA:153,19,1,0
BRDA:166,20,0,1
BRDA:166,20,1,0
BRDA:170,21,0,0
BRDA:170,21,1,0
BRDA:170,22,0,0
BRDA:170,22,1,0
BRDA:174,23,0,0
BRDA:174,23,1,0
BRDA:195,24,0,0
BRDA:195,24,1,0
BRDA:213,25,0,0
BRDA:213,25,1,1
BRDA:213,26,0,1
BRDA:213,26,1,1
BRDA:218,27,0,1
BRDA:218,27,1,0
BRDA:228,28,0,0
BRDA:228,28,1,0
BRDA:228,29,0,0
BRDA:228,29,1,0
BRDA:234,30,0,0
BRDA:234,30,1,0
BRDA:240,31,0,0
BRDA:240,31,1,0
BRDA:260,32,0,0
BRDA:260,32,1,0
BRDA:263,33,0,0
BRDA:263,33,1,0
BRDA:274,34,0,0
BRDA:274,34,1,0
BRDA:274,35,0,0
BRDA:274,35,1,0
BRDA:274,35,2,0
BRDA:281,36,0,0
BRDA:281,36,1,0
BRDA:289,37,0,0
BRDA:289,37,1,0
BRDA:304,38,0,0
BRDA:304,38,1,0
BRF:87
BRH:23
end_of_record
TN:
SF:/Users/sychram/Repositories/thinx-device-api/lib/thinx/device.js
FN:3,(anonymous_0)
FN:56,(anonymous_1)
FN:100,(anonymous_2)
FN:103,(anonymous_3)
FN:158,(anonymous_4)
FN:178,(anonymous_5)
FN:182,(anonymous_6)
FN:251,(anonymous_7)
FN:280,(anonymous_8)
FN:311,(anonymous_9)
FN:313,(anonymous_10)
FN:374,(anonymous_11)
FN:558,(anonymous_12)
FN:564,(anonymous_13)
FN:566,(anonymous_14)
FN:588,(anonymous_15)
FN:614,(anonymous_16)
FN:706,(anonymous_17)
FN:745,(anonymous_18)
FN:752,(anonymous_19)
FN:765,(anonymous_20)
FN:766,(anonymous_21)
FN:771,(anonymous_22)
FN:802,(anonymous_23)
FN:809,(anonymous_24)
FN:816,(anonymous_25)
FN:890,(anonymous_26)
FN:1003,(anonymous_27)
FN:1021,(anonymous_28)
FN:1113,(anonymous_29)
FN:1117,(anonymous_30)
FN:1246,(anonymous_31)
FN:1293,(anonymous_32)
FN:1294,(anonymous_33)
FN:1305,(anonymous_34)
FN:1308,(anonymous_35)
FN:1329,(anonymous_36)
FN:1386,(anonymous_37)
FN:1390,(anonymous_38)
FN:1434,(anonymous_39)
FN:1498,(anonymous_40)
FN:1512,(anonymous_41)
FN:1541,(anonymous_42)
FN:1559,(anonymous_43)
FN:1631,(anonymous_44)
FN:1659,update_device
FN:1661,(anonymous_46)
FN:1731,(anonymous_47)
FN:1750,(anonymous_48)
FN:1751,(anonymous_49)
FN:1769,(anonymous_50)
FNF:51
FNH:7
FNDA:1,(anonymous_0)
FNDA:0,(anonymous_1)
FNDA:0,(anonymous_2)
FNDA:0,(anonymous_3)
FNDA:0,(anonymous_4)
FNDA:0,(anonymous_5)
FNDA:0,(anonymous_6)
FNDA:0,(anonymous_7)
FNDA:0,(anonymous_8)
FNDA:0,(anonymous_9)
FNDA:0,(anonymous_10)
FNDA:0,(anonymous_11)
FNDA:0,(anonymous_12)
FNDA:0,(anonymous_13)
FNDA:0,(anonymous_14)
FNDA:0,(anonymous_15)
FNDA:0,(anonymous_16)
FNDA:2,(anonymous_17)
FNDA:2,(anonymous_18)
FNDA:0,(anonymous_19)
FNDA:0,(anonymous_20)
FNDA:0,(anonymous_21)
FNDA:0,(anonymous_22)
FNDA:0,(anonymous_23)
FNDA:0,(anonymous_24)
FNDA:1,(anonymous_25)
FNDA:0,(anonymous_26)
FNDA:0,(anonymous_27)
FNDA:0,(anonymous_28)
FNDA:0,(anonymous_29)
FNDA:0,(anonymous_30)
FNDA:0,(anonymous_31)
FNDA:0,(anonymous_32)
FNDA:0,(anonymous_33)
FNDA:0,(anonymous_34)
FNDA:0,(anonymous_35)
FNDA:0,(anonymous_36)
FNDA:0,(anonymous_37)
FNDA:0,(anonymous_38)
FNDA:0,(anonymous_39)
FNDA:0,(anonymous_40)
FNDA:0,(anonymous_41)
FNDA:0,(anonymous_42)
FNDA:0,(anonymous_43)
FNDA:1,(anonymous_44)
FNDA:1,update_device
FNDA:1,(anonymous_46)
FNDA:0,(anonymous_47)
FNDA:0,(anonymous_48)
FNDA:0,(anonymous_49)
FNDA:0,(anonymous_50)
DA:3,1
DA:5,1
DA:6,1
DA:7,0
DA:8,0
DA:10,1
DA:11,1
DA:12,1
DA:13,1
DA:14,1
DA:16,1
DA:17,1
DA:18,1
DA:24,1
DA:25,1
DA:26,1
DA:27,1
DA:28,0
DA:29,0
DA:32,0
DA:35,1
DA:36,1
DA:38,1
DA:39,1
DA:40,1
DA:41,1
DA:42,1
DA:43,1
DA:44,1
DA:45,1
DA:46,1
DA:47,1
DA:48,1
DA:49,1
DA:50,1
DA:51,1
DA:52,1
DA:54,1
DA:64,0
DA:65,0
DA:66,0
DA:69,0
DA:70,0
DA:71,0
DA:72,0
DA:73,0
DA:74,0
DA:75,0
DA:77,0
DA:78,0
DA:80,0
DA:81,0
DA:82,0
DA:84,0
DA:85,0
DA:86,0
DA:88,0
DA:89,0
DA:90,0
DA:92,0
DA:93,0
DA:96,0
DA:102,0
DA:103,0
DA:106,0
DA:109,0
DA:110,0
DA:111,0
DA:112,0
DA:113,0
DA:114,0
DA:115,0
DA:117,0
DA:120,0
DA:124,0
DA:125,0
DA:126,0
DA:127,0
DA:128,0
DA:129,0
DA:130,0
DA:131,0
DA:132,0
DA:133,0
DA:138,0
DA:139,0
DA:140,0
DA:142,0
DA:143,0
DA:144,0
DA:148,0
DA:153,0
DA:154,0
DA:159,0
DA:161,0
DA:162,0
DA:163,0
DA:164,0
DA:166,0
DA:167,0
DA:168,0
DA:171,0
DA:172,0
DA:173,0
DA:180,0
DA:182,0
DA:184,0
DA:186,0
DA:187,0
DA:188,0
DA:189,0
DA:190,0
DA:193,0
DA:196,0
DA:197,0
DA:198,0
DA:205,0
DA:209,0
DA:225,0
DA:226,0
DA:227,0
DA:229,0
DA:230,0
DA:231,0
DA:237,0
DA:239,0
DA:241,0
DA:242,0
DA:243,0
DA:248,0
DA:251,0
DA:252,0
DA:253,0
DA:254,0
DA:255,0
DA:257,0
DA:259,0
DA:260,0
DA:261,0
DA:263,0
DA:265,0
DA:266,0
DA:269,0
DA:270,0
DA:271,0
DA:281,0
DA:282,0
DA:285,0
DA:287,0
DA:288,0
DA:290,0
DA:293,0
DA:294,0
DA:295,0
DA:296,0
DA:298,0
DA:302,0
DA:304,0
DA:305,0
DA:307,0
DA:313,0
DA:315,0
DA:316,0
DA:319,0
DA:322,0
DA:326,0
DA:328,0
DA:329,0
DA:330,0
DA:332,0
DA:333,0
DA:334,0
DA:338,0
DA:339,0
DA:343,0
DA:344,0
DA:348,0
DA:349,0
DA:353,0
DA:354,0
DA:358,0
DA:359,0
DA:360,0
DA:364,0
DA:365,0
DA:366,0
DA:367,0
DA:369,0
DA:370,0
DA:371,0
DA:372,0
DA:375,0
DA:386,0
DA:387,0
DA:390,0
DA:391,0
DA:393,0
DA:396,0
DA:397,0
DA:399,0
DA:402,0
DA:403,0
DA:405,0
DA:410,0
DA:411,0
DA:414,0
DA:415,0
DA:425,0
DA:426,0
DA:427,0
DA:428,0
DA:429,0
DA:430,0
DA:431,0
DA:432,0
DA:433,0
DA:436,0
DA:437,0
DA:439,0
DA:448,0
DA:449,0
DA:452,0
DA:453,0
DA:456,0
DA:457,0
DA:460,0
DA:461,0
DA:462,0
DA:470,0
DA:472,0
DA:473,0
DA:474,0
DA:475,0
DA:477,0
DA:478,0
DA:486,0
DA:492,0
DA:493,0
DA:494,0
DA:497,0
DA:498,0
DA:499,0
DA:500,0
DA:501,0
DA:502,0
DA:503,0
DA:505,0
DA:506,0
DA:508,0
DA:509,0
DA:511,0
DA:512,0
DA:513,0
DA:524,0
DA:525,0
DA:527,0
DA:533,0
DA:534,0
DA:535,0
DA:536,0
DA:540,0
DA:541,0
DA:543,0
DA:546,0
DA:558,0
DA:559,0
DA:560,0
DA:561,0
DA:562,0
DA:564,0
DA:565,0
DA:569,0
DA:571,0
DA:572,0
DA:574,0
DA:576,0
DA:582,0
DA:583,0
DA:584,0
DA:585,0
DA:587,0
DA:588,0
DA:589,0
DA:590,0
DA:591,0
DA:593,0
DA:595,0
DA:596,0
DA:597,0
DA:605,0
DA:607,0
DA:608,0
DA:614,0
DA:616,0
DA:618,0
DA:620,0
DA:621,0
DA:622,0
DA:626,0
DA:627,0
DA:628,0
DA:630,0
DA:631,0
DA:632,0
DA:633,0
DA:634,0
DA:635,0
DA:637,0
DA:638,0
DA:640,0
DA:642,0
DA:648,0
DA:650,0
DA:651,0
DA:652,0
DA:653,0
DA:655,0
DA:656,0
DA:658,0
DA:659,0
DA:661,0
DA:662,0
DA:669,0
DA:670,0
DA:671,0
DA:673,0
DA:675,0
DA:676,0
DA:677,0
DA:685,0
DA:688,0
DA:689,0
DA:692,0
DA:695,0
DA:696,0
DA:704,1
DA:708,2
DA:710,0
DA:713,2
DA:715,0
DA:718,2
DA:721,2
DA:722,1
DA:724,1
DA:726,1
DA:727,1
DA:728,0
DA:730,1
DA:731,1
DA:732,6
DA:733,6
DA:734,6
DA:737,6
DA:738,5
DA:741,1
DA:746,2
DA:747,0
DA:748,0
DA:750,2
DA:751,2
DA:752,2
DA:753,0
DA:754,0
DA:756,0
DA:757,0
DA:758,0
DA:766,0
DA:767,0
DA:773,0
DA:779,0
DA:782,0
DA:783,0
DA:784,0
DA:787,0
DA:789,0
DA:792,0
DA:793,0
DA:794,0
DA:795,0
DA:796,0
DA:799,0
DA:800,0
DA:802,0
DA:803,0
DA:804,0
DA:806,0
DA:809,0
DA:810,0
DA:818,1
DA:824,1
DA:826,1
DA:827,0
DA:828,0
DA:831,1
DA:833,1
DA:835,1
DA:836,1
DA:837,0
DA:839,1
DA:840,1
DA:841,0
DA:843,1
DA:848,1
DA:849,0
DA:850,0
DA:851,0
DA:852,0
DA:856,1
DA:857,0
DA:858,0
DA:859,0
DA:863,1
DA:864,1
DA:865,1
DA:868,1
DA:869,1
DA:870,1
DA:871,1
DA:873,1
DA:874,1
DA:875,0
DA:878,1
DA:879,1
DA:880,0
DA:882,0
DA:883,0
DA:884,0
DA:890,1
DA:892,0
DA:893,0
DA:896,0
DA:897,0
DA:900,0
DA:904,0
DA:905,0
DA:906,0
DA:908,0
DA:910,0
DA:913,0
DA:915,0
DA:916,0
DA:917,0
DA:920,0
DA:921,0
DA:922,0
DA:923,0
DA:931,0
DA:933,0
DA:937,0
DA:940,0
DA:941,0
DA:943,0
DA:944,0
DA:947,0
DA:949,0
DA:952,0
DA:953,0
DA:962,0
DA:964,0
DA:1003,0
DA:1005,0
DA:1008,0
DA:1009,0
DA:1011,0
DA:1012,0
DA:1017,0
DA:1023,0
DA:1024,0
DA:1025,0
DA:1028,0
DA:1029,0
DA:1031,0
DA:1037,0
DA:1038,0
DA:1040,0
DA:1041,0
DA:1042,0
DA:1044,0
DA:1045,0
DA:1047,0
DA:1048,0
DA:1058,0
DA:1067,0
DA:1068,0
DA:1069,0
DA:1070,0
DA:1071,0
DA:1072,0
DA:1073,0
DA:1074,0
DA:1075,0
DA:1078,0
DA:1079,0
DA:1087,0
DA:1092,0
DA:1093,0
DA:1097,0
DA:1098,0
DA:1099,0
DA:1101,0
DA:1106,0
DA:1107,0
DA:1108,0
DA:1109,0
DA:1111,0
DA:1113,0
DA:1114,0
DA:1115,0
DA:1117,0
DA:1118,0
DA:1119,0
DA:1121,0
DA:1122,0
DA:1131,0
DA:1133,0
DA:1134,0
DA:1135,0
DA:1137,0
DA:1138,0
DA:1140,0
DA:1141,0
DA:1143,0
DA:1145,0
DA:1146,0
DA:1152,0
DA:1153,0
DA:1156,0
DA:1157,0
DA:1160,0
DA:1161,0
DA:1164,0
DA:1165,0
DA:1170,0
DA:1171,0
DA:1174,0
DA:1175,0
DA:1178,0
DA:1179,0
DA:1184,0
DA:1185,0
DA:1186,0
DA:1187,0
DA:1189,0
DA:1190,0
DA:1191,0
DA:1198,0
DA:1199,0
DA:1202,0
DA:1203,0
DA:1204,0
DA:1205,0
DA:1228,0
DA:1229,0
DA:1230,0
DA:1234,0
DA:1235,0
DA:1239,0
DA:1240,0
DA:1245,0
DA:1246,0
DA:1247,0
DA:1248,0
DA:1250,0
DA:1251,0
DA:1253,0
DA:1264,0
DA:1265,0
DA:1268,0
DA:1269,0
DA:1270,0
DA:1272,0
DA:1273,0
DA:1274,0
DA:1275,0
DA:1276,0
DA:1277,0
DA:1294,0
DA:1295,0
DA:1296,0
DA:1297,0
DA:1298,0
DA:1300,0
DA:1308,0
DA:1310,0
DA:1312,0
DA:1313,0
DA:1315,0
DA:1316,0
DA:1317,0
DA:1319,0
DA:1320,0
DA:1321,0
DA:1329,0
DA:1331,0
DA:1338,0
DA:1340,0
DA:1341,0
DA:1342,0
DA:1344,0
DA:1345,0
DA:1346,0
DA:1347,0
DA:1348,0
DA:1350,0
DA:1351,0
DA:1353,0
DA:1355,0
DA:1356,0
DA:1357,0
DA:1359,0
DA:1360,0
DA:1361,0
DA:1363,0
DA:1364,0
DA:1366,0
DA:1367,0
DA:1373,0
DA:1374,0
DA:1376,0
DA:1388,0
DA:1390,0
DA:1392,0
DA:1393,0
DA:1398,0
DA:1399,0
DA:1402,0
DA:1403,0
DA:1404,0
DA:1406,0
DA:1407,0
DA:1412,0
DA:1415,0
DA:1417,0
DA:1419,0
DA:1421,0
DA:1422,0
DA:1424,0
DA:1436,0
DA:1437,0
DA:1440,0
DA:1441,0
DA:1442,0
DA:1443,0
DA:1444,0
DA:1445,0
DA:1448,0
DA:1456,0
DA:1457,0
DA:1458,0
DA:1459,0
DA:1461,0
DA:1463,0
DA:1464,0
DA:1465,0
DA:1467,0
DA:1476,0
DA:1477,0
DA:1478,0
DA:1483,0
DA:1487,0
DA:1490,0
DA:1491,0
DA:1495,0
DA:1498,0
DA:1500,0
DA:1501,0
DA:1504,0
DA:1505,0
DA:1508,0
DA:1512,0
DA:1514,0
DA:1515,0
DA:1516,0
DA:1519,0
DA:1522,0
DA:1523,0
DA:1525,0
DA:1526,0
DA:1527,0
DA:1529,0
DA:1531,0
DA:1537,0
DA:1539,0
DA:1541,0
DA:1542,0
DA:1543,0
DA:1544,0
DA:1545,0
DA:1546,0
DA:1547,0
DA:1548,0
DA:1550,0
DA:1552,0
DA:1559,0
DA:1560,0
DA:1561,0
DA:1565,0
DA:1566,0
DA:1567,0
DA:1568,0
DA:1569,0
DA:1572,0
DA:1581,0
DA:1583,0
DA:1584,0
DA:1585,0
DA:1586,0
DA:1590,0
DA:1595,0
DA:1596,0
DA:1597,0
DA:1600,0
DA:1603,0
DA:1604,0
DA:1605,0
DA:1609,0
DA:1610,0
DA:1611,0
DA:1613,0
DA:1614,0
DA:1615,0
DA:1619,0
DA:1621,0
DA:1633,1
DA:1634,0
DA:1635,0
DA:1638,1
DA:1641,1
DA:1642,1
DA:1644,1
DA:1646,1
DA:1647,0
DA:1648,0
DA:1651,1
DA:1652,0
DA:1653,0
DA:1656,1
DA:1661,1
DA:1663,1
DA:1664,1
DA:1665,1
DA:1669,0
DA:1672,0
DA:1673,0
DA:1674,0
DA:1678,0
DA:1681,0
DA:1682,0
DA:1685,0
DA:1686,0
DA:1689,0
DA:1690,0
DA:1693,0
DA:1694,0
DA:1697,0
DA:1698,0
DA:1701,0
DA:1702,0
DA:1705,0
DA:1706,0
DA:1709,0
DA:1710,0
DA:1713,0
DA:1714,0
DA:1717,0
DA:1718,0
DA:1721,0
DA:1722,0
DA:1725,0
DA:1726,0
DA:1729,0
DA:1731,0
DA:1732,0
DA:1733,0
DA:1734,0
DA:1739,0
DA:1751,0
DA:1752,0
DA:1753,0
DA:1754,0
DA:1758,0
DA:1760,0
DA:1761,0
DA:1762,0
DA:1766,0
DA:1768,0
DA:1769,0
DA:1770,0
DA:1771,0
DA:1773,0
DA:1774,0
DA:1776,0
DA:1783,1
DA:1787,1
DA:1788,1
DA:1789,1
DA:1790,1
DA:1791,1
DA:1792,1
DA:1793,1
DA:1794,1
DA:1798,1
DA:1799,1
LF:803
LH:101
BRDA:6,0,0,0
BRDA:6,0,1,1
BRDA:27,1,0,0
BRDA:27,1,1,1
BRDA:64,2,0,0
BRDA:64,2,1,0
BRDA:77,3,0,0
BRDA:77,3,1,0
BRDA:77,4,0,0
BRDA:77,4,1,0
BRDA:80,5,0,0
BRDA:80,5,1,0
BRDA:84,6,0,0
BRDA:84,6,1,0
BRDA:88,7,0,0
BRDA:88,7,1,0
BRDA:92,8,0,0
BRDA:92,8,1,0
BRDA:115,9,0,0
BRDA:115,9,1,0
BRDA:130,10,0,0
BRDA:130,10,1,0
BRDA:132,11,0,0
BRDA:132,11,1,0
BRDA:153,12,0,0
BRDA:153,12,1,0
BRDA:153,13,0,0
BRDA:153,13,1,0
BRDA:163,14,0,0
BRDA:163,14,1,0
BRDA:163,15,0,0
BRDA:163,15,1,0
BRDA:166,16,0,0
BRDA:166,16,1,0
BRDA:166,17,0,0
BRDA:166,17,1,0
BRDA:172,18,0,0
BRDA:172,18,1,0
BRDA:172,19,0,0
BRDA:172,19,1,0
BRDA:184,20,0,0
BRDA:184,20,1,0
BRDA:186,21,0,0
BRDA:186,21,1,0
BRDA:197,22,0,0
BRDA:197,22,1,0
BRDA:226,23,0,0
BRDA:226,23,1,0
BRDA:239,24,0,0
BRDA:239,24,1,0
BRDA:241,25,0,0
BRDA:241,25,1,0
BRDA:259,26,0,0
BRDA:259,26,1,0
BRDA:260,27,0,0
BRDA:260,27,1,0
BRDA:269,28,0,0
BRDA:269,28,1,0
BRDA:293,29,0,0
BRDA:293,29,1,0
BRDA:315,30,0,0
BRDA:315,30,1,0
BRDA:329,31,0,0
BRDA:329,31,1,0
BRDA:338,32,0,0
BRDA:338,32,1,0
BRDA:338,33,0,0
BRDA:338,33,1,0
BRDA:343,34,0,0
BRDA:343,34,1,0
BRDA:343,35,0,0
BRDA:343,35,1,0
BRDA:348,36,0,0
BRDA:348,36,1,0
BRDA:348,37,0,0
BRDA:348,37,1,0
BRDA:353,38,0,0
BRDA:353,38,1,0
BRDA:353,39,0,0
BRDA:353,39,1,0
BRDA:358,40,0,0
BRDA:358,40,1,0
BRDA:358,41,0,0
BRDA:358,41,1,0
BRDA:359,42,0,0
BRDA:359,42,1,0
BRDA:364,43,0,0
BRDA:364,43,1,0
BRDA:364,44,0,0
BRDA:364,44,1,0
BRDA:365,45,0,0
BRDA:365,45,1,0
BRDA:366,46,0,0
BRDA:366,46,1,0
BRDA:386,47,0,0
BRDA:386,47,1,0
BRDA:386,48,0,0
BRDA:386,48,1,0
BRDA:390,49,0,0
BRDA:390,49,1,0
BRDA:390,50,0,0
BRDA:390,50,1,0
BRDA:396,51,0,0
BRDA:396,51,1,0
BRDA:396,52,0,0
BRDA:396,52,1,0
BRDA:402,53,0,0
BRDA:402,53,1,0
BRDA:402,54,0,0
BRDA:402,54,1,0
BRDA:410,55,0,0
BRDA:410,55,1,0
BRDA:410,56,0,0
BRDA:410,56,1,0
BRDA:414,57,0,0
BRDA:414,57,1,0
BRDA:414,58,0,0
BRDA:414,58,1,0
BRDA:425,59,0,0
BRDA:425,59,1,0
BRDA:448,60,0,0
BRDA:448,60,1,0
BRDA:452,61,0,0
BRDA:452,61,1,0
BRDA:456,62,0,0
BRDA:456,62,1,0
BRDA:460,63,0,0
BRDA:460,63,1,0
BRDA:470,64,0,0
BRDA:470,64,1,0
BRDA:470,65,0,0
BRDA:470,65,1,0
BRDA:486,66,0,0
BRDA:486,66,1,0
BRDA:486,67,0,0
BRDA:486,67,1,0
BRDA:492,68,0,0
BRDA:492,68,1,0
BRDA:501,69,0,0
BRDA:501,69,1,0
BRDA:511,70,0,0
BRDA:511,70,1,0
BRDA:524,71,0,0
BRDA:524,71,1,0
BRDA:533,72,0,0
BRDA:533,72,1,0
BRDA:540,73,0,0
BRDA:540,73,1,0
BRDA:560,74,0,0
BRDA:560,74,1,0
BRDA:583,75,0,0
BRDA:583,75,1,0
BRDA:589,76,0,0
BRDA:589,76,1,0
BRDA:589,77,0,0
BRDA:589,77,1,0
BRDA:595,78,0,0
BRDA:595,78,1,0
BRDA:595,79,0,0
BRDA:595,79,1,0
BRDA:621,80,0,0
BRDA:621,80,1,0
BRDA:633,81,0,0
BRDA:633,81,1,0
BRDA:642,82,0,0
BRDA:642,82,1,0
BRDA:652,83,0,0
BRDA:652,83,1,0
BRDA:675,84,0,0
BRDA:675,84,1,0
BRDA:675,85,0,0
BRDA:675,85,1,0
BRDA:708,86,0,0
BRDA:708,86,1,2
BRDA:708,87,0,2
BRDA:708,87,1,2
BRDA:713,88,0,0
BRDA:713,88,1,2
BRDA:721,89,0,1
BRDA:721,89,1,1
BRDA:727,90,0,0
BRDA:727,90,1,1
BRDA:733,91,0,6
BRDA:733,91,1,0
BRDA:737,92,0,5
BRDA:737,92,1,1
BRDA:746,93,0,0
BRDA:746,93,1,2
BRDA:753,94,0,0
BRDA:753,94,1,0
BRDA:782,95,0,0
BRDA:782,95,1,0
BRDA:792,96,0,0
BRDA:792,96,1,0
BRDA:803,97,0,0
BRDA:803,97,1,0
BRDA:803,98,0,0
BRDA:803,98,1,0
BRDA:826,99,0,0
BRDA:826,99,1,1
BRDA:826,100,0,1
BRDA:826,100,1,1
BRDA:836,101,0,0
BRDA:836,101,1,1
BRDA:840,102,0,0
BRDA:840,102,1,1
BRDA:848,103,0,0
BRDA:848,103,1,1
BRDA:856,104,0,0
BRDA:856,104,1,1
BRDA:864,105,0,1
BRDA:864,105,1,0
BRDA:874,106,0,0
BRDA:874,106,1,1
BRDA:879,107,0,0
BRDA:879,107,1,1
BRDA:882,108,0,0
BRDA:882,108,1,0
BRDA:892,109,0,0
BRDA:892,109,1,0
BRDA:908,110,0,0
BRDA:908,110,1,0
BRDA:916,111,0,0
BRDA:916,111,1,0
BRDA:921,112,0,0
BRDA:921,112,1,0
BRDA:921,113,0,0
BRDA:921,113,1,0
BRDA:922,114,0,0
BRDA:922,114,1,0
BRDA:933,115,0,0
BRDA:933,115,1,0
BRDA:934,116,0,0
BRDA:934,116,1,0
BRDA:943,117,0,0
BRDA:943,117,1,0
BRDA:947,118,0,0
BRDA:947,118,1,0
BRDA:1005,119,0,0
BRDA:1005,119,1,0
BRDA:1005,120,0,0
BRDA:1005,120,1,0
BRDA:1005,120,2,0
BRDA:1008,121,0,0
BRDA:1008,121,1,0
BRDA:1023,122,0,0
BRDA:1023,122,1,0
BRDA:1028,123,0,0
BRDA:1028,123,1,0
BRDA:1031,124,0,0
BRDA:1031,124,1,0
BRDA:1038,125,0,0
BRDA:1038,125,1,0
BRDA:1040,126,0,0
BRDA:1040,126,1,0
BRDA:1044,127,0,0
BRDA:1044,127,1,0
BRDA:1067,128,0,0
BRDA:1067,128,1,0
BRDA:1092,129,0,0
BRDA:1092,129,1,0
BRDA:1099,130,0,0
BRDA:1099,130,1,0
BRDA:1099,131,0,0
BRDA:1099,131,1,0
BRDA:1114,132,0,0
BRDA:1114,132,1,0
BRDA:1118,133,0,0
BRDA:1118,133,1,0
BRDA:1134,134,0,0
BRDA:1134,134,1,0
BRDA:1134,135,0,0
BRDA:1134,135,1,0
BRDA:1137,136,0,0
BRDA:1137,136,1,0
BRDA:1137,137,0,0
BRDA:1137,137,1,0
BRDA:1140,138,0,0
BRDA:1140,138,1,0
BRDA:1140,139,0,0
BRDA:1140,139,1,0
BRDA:1145,140,0,0
BRDA:1145,140,1,0
BRDA:1145,141,0,0
BRDA:1145,141,1,0
BRDA:1152,142,0,0
BRDA:1152,142,1,0
BRDA:1152,143,0,0
BRDA:1152,143,1,0
BRDA:1156,144,0,0
BRDA:1156,144,1,0
BRDA:1156,145,0,0
BRDA:1156,145,1,0
BRDA:1160,146,0,0
BRDA:1160,146,1,0
BRDA:1160,147,0,0
BRDA:1160,147,1,0
BRDA:1164,148,0,0
BRDA:1164,148,1,0
BRDA:1164,149,0,0
BRDA:1164,149,1,0
BRDA:1170,150,0,0
BRDA:1170,150,1,0
BRDA:1170,151,0,0
BRDA:1170,151,1,0
BRDA:1174,152,0,0
BRDA:1174,152,1,0
BRDA:1174,153,0,0
BRDA:1174,153,1,0
BRDA:1178,154,0,0
BRDA:1178,154,1,0
BRDA:1178,155,0,0
BRDA:1178,155,1,0
BRDA:1228,156,0,0
BRDA:1228,156,1,0
BRDA:1234,157,0,0
BRDA:1234,157,1,0
BRDA:1239,158,0,0
BRDA:1239,158,1,0
BRDA:1247,159,0,0
BRDA:1247,159,1,0
BRDA:1296,160,0,0
BRDA:1296,160,1,0
BRDA:1312,161,0,0
BRDA:1312,161,1,0
BRDA:1331,162,0,0
BRDA:1331,162,1,0
BRDA:1331,163,0,0
BRDA:1331,163,1,0
BRDA:1331,163,2,0
BRDA:1338,164,0,0
BRDA:1338,164,1,0
BRDA:1338,165,0,0
BRDA:1338,165,1,0
BRDA:1347,166,0,0
BRDA:1347,166,1,0
BRDA:1355,167,0,0
BRDA:1355,167,1,0
BRDA:1373,168,0,0
BRDA:1373,168,1,0
BRDA:1373,169,0,0
BRDA:1373,169,1,0
BRDA:1392,170,0,0
BRDA:1392,170,1,0
BRDA:1406,171,0,0
BRDA:1406,171,1,0
BRDA:1406,172,0,0
BRDA:1406,172,1,0
BRDA:1421,173,0,0
BRDA:1421,173,1,0
BRDA:1421,174,0,0
BRDA:1421,174,1,0
BRDA:1436,175,0,0
BRDA:1436,175,1,0
BRDA:1456,176,0,0
BRDA:1456,176,1,0
BRDA:1457,177,0,0
BRDA:1457,177,1,0
BRDA:1463,178,0,0
BRDA:1463,178,1,0
BRDA:1476,179,0,0
BRDA:1476,179,1,0
BRDA:1487,180,0,0
BRDA:1487,180,1,0
BRDA:1500,181,0,0
BRDA:1500,181,1,0
BRDA:1500,182,0,0
BRDA:1500,182,1,0
BRDA:1514,183,0,0
BRDA:1514,183,1,0
BRDA:1525,184,0,0
BRDA:1525,184,1,0
BRDA:1526,185,0,0
BRDA:1526,185,1,0
BRDA:1539,186,0,0
BRDA:1539,186,1,0
BRDA:1542,187,0,0
BRDA:1542,187,1,0
BRDA:1544,188,0,0
BRDA:1544,188,1,0
BRDA:1545,189,0,0
BRDA:1545,189,1,0
BRDA:1547,190,0,0
BRDA:1547,190,1,0
BRDA:1547,191,0,0
BRDA:1547,191,1,0
BRDA:1560,192,0,0
BRDA:1560,192,1,0
BRDA:1565,193,0,0
BRDA:1565,193,1,0
BRDA:1568,194,0,0
BRDA:1568,194,1,0
BRDA:1584,195,0,0
BRDA:1584,195,1,0
BRDA:1595,196,0,0
BRDA:1595,196,1,0
BRDA:1595,197,0,0
BRDA:1595,197,1,0
BRDA:1600,198,0,0
BRDA:1600,198,1,0
BRDA:1603,199,0,0
BRDA:1603,199,1,0
BRDA:1609,200,0,0
BRDA:1609,200,1,0
BRDA:1613,201,0,0
BRDA:1613,201,1,0
BRDA:1633,202,0,0
BRDA:1633,202,1,1
BRDA:1644,203,0,1
BRDA:1644,203,1,0
BRDA:1646,204,0,0
BRDA:1646,204,1,1
BRDA:1651,205,0,0
BRDA:1651,205,1,1
BRDA:1663,206,0,1
BRDA:1663,206,1,0
BRDA:1672,207,0,0
BRDA:1672,207,1,0
BRDA:1681,208,0,0
BRDA:1681,208,1,0
BRDA:1685,209,0,0
BRDA:1685,209,1,0
BRDA:1689,210,0,0
BRDA:1689,210,1,0
BRDA:1693,211,0,0
BRDA:1693,211,1,0
BRDA:1697,212,0,0
BRDA:1697,212,1,0
BRDA:1701,213,0,0
BRDA:1701,213,1,0
BRDA:1705,214,0,0
BRDA:1705,214,1,0
BRDA:1709,215,0,0
BRDA:1709,215,1,0
BRDA:1713,216,0,0
BRDA:1713,216,1,0
BRDA:1717,217,0,0
BRDA:1717,217,1,0
BRDA:1721,218,0,0
BRDA:1721,218,1,0
BRDA:1725,219,0,0
BRDA:1725,219,1,0
BRDA:1732,220,0,0
BRDA:1732,220,1,0
BRDA:1752,221,0,0
BRDA:1752,221,1,0
BRDA:1760,222,0,0
BRDA:1760,222,1,0
BRDA:1770,223,0,0
BRDA:1770,223,1,0
BRDA:1773,224,0,0
BRDA:1773,224,1,0
BRDA:1773,225,0,0
BRDA:1773,225,1,0
BRF:454
BRH:28
end_of_record
TN:
SF:/Users/sychram/Repositories/thinx-device-api/lib/thinx/devices.js
FN:3,(anonymous_0)
FN:44,(anonymous_1)
FN:63,(anonymous_2)
FN:68,(anonymous_3)
FN:145,(anonymous_4)
FN:169,(anonymous_5)
FN:200,(anonymous_6)
FN:207,(anonymous_7)
FN:209,(anonymous_8)
FN:226,(anonymous_9)
FN:250,(anonymous_10)
FN:291,(anonymous_11)
FN:312,(anonymous_12)
FN:348,(anonymous_13)
FN:353,(anonymous_14)
FN:367,(anonymous_15)
FN:371,destroy_device
FN:376,(anonymous_17)
FN:430,(anonymous_18)
FN:474,(anonymous_19)
FN:507,(anonymous_20)
FN:510,(anonymous_21)
FNF:22
FNH:9
FNDA:1,(anonymous_0)
FNDA:0,(anonymous_1)
FNDA:1,(anonymous_2)
FNDA:1,(anonymous_3)
FNDA:1,(anonymous_4)
FNDA:1,(anonymous_5)
FNDA:0,(anonymous_6)
FNDA:0,(anonymous_7)
FNDA:0,(anonymous_8)
FNDA:0,(anonymous_9)
FNDA:0,(anonymous_10)
FNDA:1,(anonymous_11)
FNDA:1,(anonymous_12)
FNDA:0,(anonymous_13)
FNDA:0,(anonymous_14)
FNDA:1,(anonymous_15)
FNDA:0,destroy_device
FNDA:0,(anonymous_17)
FNDA:1,(anonymous_18)
FNDA:0,(anonymous_19)
FNDA:0,(anonymous_20)
FNDA:0,(anonymous_21)
DA:3,1
DA:5,1
DA:6,1
DA:7,1
DA:8,0
DA:9,0
DA:11,1
DA:13,1
DA:14,1
DA:15,1
DA:16,1
DA:17,0
DA:20,0
DA:23,1
DA:25,1
DA:26,1
DA:28,1
DA:29,1
DA:30,1
DA:31,1
DA:32,1
DA:33,1
DA:34,1
DA:35,1
DA:37,1
DA:38,1
DA:44,1
DA:45,0
DA:46,0
DA:47,0
DA:48,0
DA:52,0
DA:57,0
DA:62,1
DA:64,1
DA:70,1
DA:71,1
DA:72,1
DA:74,0
DA:76,1
DA:77,1
DA:80,0
DA:81,0
DA:82,0
DA:83,0
DA:84,0
DA:86,0
DA:87,0
DA:90,0
DA:91,0
DA:92,0
DA:95,0
DA:96,0
DA:102,0
DA:136,0
DA:138,0
DA:147,1
DA:148,0
DA:149,0
DA:152,1
DA:153,0
DA:154,0
DA:157,1
DA:159,1
DA:160,1
DA:162,1
DA:164,1
DA:167,1
DA:169,1
DA:171,1
DA:172,1
DA:173,1
DA:176,0
DA:178,0
DA:179,0
DA:180,0
DA:183,0
DA:187,0
DA:188,0
DA:190,0
DA:192,0
DA:195,0
DA:196,0
DA:197,0
DA:200,0
DA:201,0
DA:202,0
DA:205,0
DA:207,0
DA:208,0
DA:209,0
DA:211,0
DA:212,0
DA:213,0
DA:214,0
DA:216,0
DA:217,0
DA:220,0
DA:224,0
DA:226,0
DA:228,0
DA:230,0
DA:231,0
DA:232,0
DA:235,0
DA:238,0
DA:239,0
DA:240,0
DA:242,0
DA:245,0
DA:247,0
DA:249,0
DA:250,0
DA:254,0
DA:255,0
DA:256,0
DA:257,0
DA:258,0
DA:259,0
DA:260,0
DA:262,0
DA:266,0
DA:269,0
DA:270,0
DA:272,0
DA:273,0
DA:274,0
DA:277,0
DA:283,0
DA:293,1
DA:294,0
DA:295,0
DA:298,1
DA:299,0
DA:300,0
DA:303,1
DA:305,1
DA:307,1
DA:309,1
DA:314,1
DA:315,1
DA:316,1
DA:319,0
DA:320,0
DA:321,0
DA:323,0
DA:324,0
DA:328,0
DA:330,0
DA:331,0
DA:332,0
DA:336,0
DA:338,0
DA:341,0
DA:342,0
DA:344,0
DA:345,0
DA:348,0
DA:350,0
DA:351,0
DA:353,0
DA:355,0
DA:356,0
DA:357,0
DA:358,0
DA:360,0
DA:373,0
DA:374,0
DA:376,0
DA:378,0
DA:379,0
DA:380,0
DA:381,0
DA:382,0
DA:386,0
DA:387,0
DA:390,0
DA:392,0
DA:393,0
DA:394,0
DA:395,0
DA:398,0
DA:399,0
DA:401,0
DA:402,0
DA:413,1
DA:414,0
DA:415,0
DA:416,0
DA:418,0
DA:421,1
DA:424,1
DA:426,1
DA:432,1
DA:433,1
DA:434,1
DA:435,0
DA:438,0
DA:439,0
DA:440,0
DA:441,0
DA:446,0
DA:447,0
DA:448,0
DA:452,0
DA:453,0
DA:455,0
DA:456,0
DA:457,0
DA:458,0
DA:459,0
DA:463,0
DA:467,0
DA:468,0
DA:469,0
DA:471,0
DA:472,0
DA:473,0
DA:474,0
DA:475,0
DA:476,0
DA:477,0
DA:480,0
DA:484,0
DA:485,0
DA:486,0
DA:488,0
DA:489,0
DA:491,0
DA:492,0
DA:493,0
DA:499,0
DA:500,0
DA:509,0
DA:512,0
DA:513,0
DA:514,0
DA:515,0
DA:517,0
DA:520,0
DA:522,0
DA:523,0
DA:527,0
DA:532,1
DA:536,1
DA:537,1
DA:538,1
DA:539,1
DA:540,1
LF:249
LH:64
BRDA:7,0,0,0
BRDA:7,0,1,1
BRDA:16,1,0,0
BRDA:16,1,1,1
BRDA:45,2,0,0
BRDA:45,2,1,0
BRDA:47,3,0,0
BRDA:47,3,1,0
BRDA:70,4,0,1
BRDA:70,4,1,0
BRDA:72,5,0,0
BRDA:72,5,1,1
BRDA:72,6,0,1
BRDA:72,6,1,0
BRDA:86,7,0,0
BRDA:86,7,1,0
BRDA:91,8,0,0
BRDA:91,8,1,0
BRDA:95,9,0,0
BRDA:95,9,1,0
BRDA:108,10,0,0
BRDA:108,10,1,0
BRDA:110,11,0,0
BRDA:110,11,1,0
BRDA:147,12,0,0
BRDA:147,12,1,1
BRDA:152,13,0,0
BRDA:152,13,1,1
BRDA:171,14,0,1
BRDA:171,14,1,0
BRDA:178,15,0,0
BRDA:178,15,1,0
BRDA:201,16,0,0
BRDA:201,16,1,0
BRDA:211,17,0,0
BRDA:211,17,1,0
BRDA:224,18,0,0
BRDA:224,18,1,0
BRDA:228,19,0,0
BRDA:228,19,1,0
BRDA:245,20,0,0
BRDA:245,20,1,0
BRDA:250,21,0,0
BRDA:250,21,1,0
BRDA:293,22,0,0
BRDA:293,22,1,1
BRDA:298,23,0,0
BRDA:298,23,1,1
BRDA:314,24,0,1
BRDA:314,24,1,0
BRDA:320,25,0,0
BRDA:320,25,1,0
BRDA:330,26,0,0
BRDA:330,26,1,0
BRDA:344,27,0,0
BRDA:344,27,1,0
BRDA:355,28,0,0
BRDA:355,28,1,0
BRDA:378,29,0,0
BRDA:378,29,1,0
BRDA:380,30,0,0
BRDA:380,30,1,0
BRDA:380,31,0,0
BRDA:380,31,1,0
BRDA:390,32,0,0
BRDA:390,32,1,0
BRDA:392,33,0,0
BRDA:392,33,1,0
BRDA:395,34,0,0
BRDA:395,34,1,0
BRDA:401,35,0,0
BRDA:401,35,1,0
BRDA:401,36,0,0
BRDA:401,36,1,0
BRDA:413,37,0,0
BRDA:413,37,1,1
BRDA:414,38,0,0
BRDA:414,38,1,0
BRDA:432,39,0,1
BRDA:432,39,1,0
BRDA:438,40,0,0
BRDA:438,40,1,0
BRDA:446,41,0,0
BRDA:446,41,1,0
BRDA:458,42,0,0
BRDA:458,42,1,0
BRDA:467,43,0,0
BRDA:467,43,1,0
BRDA:471,44,0,0
BRDA:471,44,1,0
BRDA:476,45,0,0
BRDA:476,45,1,0
BRDA:476,46,0,0
BRDA:476,46,1,0
BRDA:488,47,0,0
BRDA:488,47,1,0
BRDA:492,48,0,0
BRDA:492,48,1,0
BRDA:492,49,0,0
BRDA:492,49,1,0
BRDA:499,50,0,0
BRDA:499,50,1,0
BRDA:499,51,0,0
BRDA:499,51,1,0
BRDA:512,52,0,0
BRDA:512,52,1,0
BRDA:513,53,0,0
BRDA:513,53,1,0
BRF:108
BRH:13
end_of_record
TN:
SF:/Users/sychram/Repositories/thinx-device-api/lib/thinx/messenger.js
FN:3,(anonymous_0)
FN:89,(anonymous_1)
FN:119,(anonymous_2)
FN:122,(anonymous_3)
FN:130,(anonymous_4)
FN:138,(anonymous_5)
FN:146,(anonymous_6)
FN:160,(anonymous_7)
FN:164,(anonymous_8)
FN:184,(anonymous_9)
FN:208,(anonymous_10)
FN:213,(anonymous_11)
FN:217,(anonymous_12)
FN:221,(anonymous_13)
FN:229,(anonymous_14)
FN:265,(anonymous_15)
FN:279,(anonymous_16)
FN:283,(anonymous_17)
FN:289,(anonymous_18)
FN:291,(anonymous_19)
FN:340,(anonymous_20)
FN:350,(anonymous_21)
FN:363,(anonymous_22)
FN:378,(anonymous_23)
FN:385,(anonymous_24)
FN:405,(anonymous_25)
FN:439,(anonymous_26)
FN:443,(anonymous_27)
FN:455,(anonymous_28)
FN:460,(anonymous_29)
FN:498,(anonymous_30)
FN:508,(anonymous_31)
FN:511,(anonymous_32)
FN:530,(anonymous_33)
FN:629,(anonymous_34)
FN:659,(anonymous_35)
FN:677,(anonymous_36)
FN:687,(anonymous_37)
FN:735,(anonymous_38)
FN:740,(anonymous_39)
FN:772,(anonymous_40)
FN:776,(anonymous_41)
FN:802,(anonymous_42)
FN:803,(anonymous_43)
FN:817,(anonymous_44)
FN:822,(anonymous_45)
FN:829,(anonymous_46)
FN:850,(anonymous_47)
FN:870,(anonymous_48)
FN:892,(anonymous_49)
FNF:50
FNH:8
FNDA:1,(anonymous_0)
FNDA:0,(anonymous_1)
FNDA:0,(anonymous_2)
FNDA:0,(anonymous_3)
FNDA:0,(anonymous_4)
FNDA:0,(anonymous_5)
FNDA:0,(anonymous_6)
FNDA:0,(anonymous_7)
FNDA:0,(anonymous_8)
FNDA:0,(anonymous_9)
FNDA:0,(anonymous_10)
FNDA:0,(anonymous_11)
FNDA:0,(anonymous_12)
FNDA:0,(anonymous_13)
FNDA:0,(anonymous_14)
FNDA:0,(anonymous_15)
FNDA:0,(anonymous_16)
FNDA:0,(anonymous_17)
FNDA:0,(anonymous_18)
FNDA:0,(anonymous_19)
FNDA:0,(anonymous_20)
FNDA:1,(anonymous_21)
FNDA:0,(anonymous_22)
FNDA:0,(anonymous_23)
FNDA:0,(anonymous_24)
FNDA:0,(anonymous_25)
FNDA:0,(anonymous_26)
FNDA:0,(anonymous_27)
FNDA:0,(anonymous_28)
FNDA:0,(anonymous_29)
FNDA:0,(anonymous_30)
FNDA:0,(anonymous_31)
FNDA:0,(anonymous_32)
FNDA:0,(anonymous_33)
FNDA:0,(anonymous_34)
FNDA:0,(anonymous_35)
FNDA:0,(anonymous_36)
FNDA:0,(anonymous_37)
FNDA:1,(anonymous_38)
FNDA:1,(anonymous_39)
FNDA:1,(anonymous_40)
FNDA:1,(anonymous_41)
FNDA:2,(anonymous_42)
FNDA:0,(anonymous_43)
FNDA:0,(anonymous_44)
FNDA:0,(anonymous_45)
FNDA:0,(anonymous_46)
FNDA:0,(anonymous_47)
FNDA:1,(anonymous_48)
FNDA:0,(anonymous_49)
DA:3,1
DA:14,1
DA:15,1
DA:16,1
DA:17,0
DA:18,0
DA:20,1
DA:26,1
DA:27,1
DA:29,1
DA:30,1
DA:31,1
DA:33,1
DA:34,1
DA:35,1
DA:36,1
DA:37,0
DA:43,1
DA:44,1
DA:46,1
DA:47,1
DA:48,1
DA:49,1
DA:50,1
DA:52,1
DA:53,1
DA:57,1
DA:60,1
DA:61,1
DA:62,1
DA:63,1
DA:65,1
DA:67,1
DA:69,1
DA:70,1
DA:74,1
DA:76,1
DA:78,0
DA:89,1
DA:91,0
DA:92,0
DA:96,0
DA:102,0
DA:119,0
DA:121,0
DA:123,0
DA:124,0
DA:125,0
DA:127,0
DA:128,0
DA:129,0
DA:140,0
DA:141,0
DA:146,0
DA:147,0
DA:148,0
DA:149,0
DA:150,0
DA:153,0
DA:154,0
DA:155,0
DA:160,0
DA:161,0
DA:164,0
DA:165,0
DA:169,0
DA:175,1
DA:182,1
DA:197,0
DA:204,0
DA:208,0
DA:209,0
DA:210,0
DA:213,0
DA:214,0
DA:217,0
DA:218,0
DA:221,0
DA:223,0
DA:224,0
DA:226,0
DA:227,0
DA:229,0
DA:231,0
DA:233,0
DA:234,0
DA:236,0
DA:239,0
DA:240,0
DA:243,0
DA:245,0
DA:246,0
DA:247,0
DA:248,0
DA:249,0
DA:252,0
DA:253,0
DA:254,0
DA:256,0
DA:261,0
DA:263,0
DA:266,0
DA:267,0
DA:273,0
DA:281,0
DA:283,0
DA:287,0
DA:289,0
DA:291,0
DA:295,0
DA:297,0
DA:298,0
DA:300,0
DA:303,0
DA:305,0
DA:306,0
DA:308,0
DA:309,0
DA:311,0
DA:313,0
DA:314,0
DA:315,0
DA:316,0
DA:318,0
DA:319,0
DA:324,0
DA:325,0
DA:326,0
DA:327,0
DA:331,0
DA:332,0
DA:340,0
DA:341,0
DA:342,0
DA:353,1
DA:354,1
DA:355,1
DA:358,0
DA:360,0
DA:361,0
DA:363,0
DA:364,0
DA:365,0
DA:366,0
DA:367,0
DA:368,0
DA:371,0
DA:372,0
DA:373,0
DA:378,0
DA:380,0
DA:382,0
DA:385,0
DA:387,0
DA:388,0
DA:391,0
DA:392,0
DA:397,0
DA:405,0
DA:407,0
DA:409,0
DA:411,0
DA:416,0
DA:421,0
DA:422,0
DA:423,0
DA:424,0
DA:425,0
DA:427,0
DA:429,0
DA:430,0
DA:432,0
DA:435,0
DA:439,0
DA:440,0
DA:443,0
DA:444,0
DA:445,0
DA:446,0
DA:447,0
DA:449,0
DA:451,0
DA:455,0
DA:456,0
DA:457,0
DA:460,0
DA:461,0
DA:462,0
DA:463,0
DA:465,0
DA:466,0
DA:475,0
DA:480,0
DA:482,0
DA:483,0
DA:484,0
DA:489,0
DA:490,0
DA:491,0
DA:493,0
DA:494,0
DA:495,0
DA:498,0
DA:499,0
DA:500,0
DA:501,0
DA:503,0
DA:504,0
DA:508,0
DA:509,0
DA:511,0
DA:512,0
DA:513,0
DA:514,0
DA:516,0
DA:518,0
DA:526,0
DA:530,0
DA:531,0
DA:532,0
DA:533,0
DA:536,0
DA:537,0
DA:545,0
DA:546,0
DA:548,0
DA:549,0
DA:557,0
DA:558,0
DA:565,0
DA:569,0
DA:572,0
DA:573,0
DA:581,0
DA:582,0
DA:585,0
DA:593,0
DA:594,0
DA:601,0
DA:605,0
DA:610,0
DA:613,0
DA:615,0
DA:627,0
DA:629,0
DA:631,0
DA:633,0
DA:635,0
DA:637,0
DA:643,0
DA:647,0
DA:648,0
DA:650,0
DA:654,0
DA:655,0
DA:656,0
DA:657,0
DA:658,0
DA:660,0
DA:661,0
DA:668,0
DA:672,0
DA:677,0
DA:679,0
DA:680,0
DA:682,0
DA:683,0
DA:684,0
DA:686,0
DA:688,0
DA:689,0
DA:699,0
DA:700,0
DA:701,0
DA:706,0
DA:713,0
DA:714,0
DA:721,0
DA:722,0
DA:723,0
DA:725,0
DA:728,0
DA:736,1
DA:742,1
DA:743,1
DA:744,0
DA:745,0
DA:746,0
DA:750,1
DA:751,1
DA:754,0
DA:755,0
DA:756,0
DA:757,0
DA:758,0
DA:760,0
DA:761,0
DA:763,0
DA:764,0
DA:765,0
DA:773,1
DA:778,1
DA:779,1
DA:780,0
DA:781,0
DA:784,1
DA:785,1
DA:788,0
DA:789,0
DA:790,0
DA:791,0
DA:792,0
DA:793,0
DA:795,0
DA:796,0
DA:803,2
DA:804,0
DA:805,0
DA:806,0
DA:809,0
DA:810,0
DA:820,0
DA:822,0
DA:824,0
DA:825,0
DA:827,0
DA:829,0
DA:830,0
DA:831,0
DA:833,0
DA:834,0
DA:835,0
DA:837,0
DA:842,0
DA:843,0
DA:850,0
DA:851,0
DA:852,0
[...]
DA:389,1
DA:390,1
DA:397,1
DA:403,1
DA:405,1
DA:406,0
DA:413,1
DA:419,1
DA:423,1
DA:425,0
DA:427,1
DA:429,0
DA:431,1
DA:433,0
DA:435,1
DA:437,0
DA:439,1
DA:441,0
DA:443,1
DA:445,1
DA:451,1
DA:453,1
DA:454,0
DA:455,0
DA:458,1
DA:459,1
DA:461,0
DA:468,1
DA:472,1
DA:473,1
DA:474,1
DA:475,1
DA:476,1
DA:477,1
LF:200
LH:117
BRDA:10,0,0,0
BRDA:10,0,1,1
BRDA:25,1,0,0
BRDA:25,1,1,1
BRDA:27,2,0,0
BRDA:27,2,1,1
BRDA:40,3,0,0
BRDA:40,3,1,1
BRDA:48,4,0,1
BRDA:48,4,1,0
BRDA:60,5,0,0
BRDA:60,5,1,0
BRDA:78,6,0,0
BRDA:78,6,1,0
BRDA:80,7,0,0
BRDA:80,7,1,0
BRDA:88,8,0,0
BRDA:88,8,1,0
BRDA:94,9,0,0
BRDA:94,9,1,0
BRDA:134,10,0,0
BRDA:134,10,1,1
BRDA:142,11,0,0
BRDA:142,11,1,1
BRDA:154,12,0,0
BRDA:154,12,1,1
BRDA:170,13,0,1
BRDA:170,13,1,0
BRDA:172,14,0,1
BRDA:172,14,1,0
BRDA:179,15,0,0
BRDA:179,15,1,0
BRDA:197,16,0,0
BRDA:197,16,1,2
BRDA:202,17,0,0
BRDA:202,17,1,2
BRDA:202,18,0,2
BRDA:202,18,1,2
BRDA:206,19,0,0
BRDA:206,19,1,2
BRDA:210,20,0,0
BRDA:210,20,1,2
BRDA:212,21,0,0
BRDA:212,21,1,0
BRDA:229,22,0,2
BRDA:229,22,1,350
BRDA:240,23,0,0
BRDA:240,23,1,2
BRDA:240,24,0,2
BRDA:240,24,1,2
BRDA:244,25,0,0
BRDA:244,25,1,0
BRDA:260,26,0,2
BRDA:260,26,1,0
BRDA:264,27,0,0
BRDA:264,27,1,2
BRDA:266,28,0,0
BRDA:266,28,1,0
BRDA:272,29,0,0
BRDA:272,29,1,0
BRDA:277,30,0,0
BRDA:277,30,1,0
BRDA:277,31,0,0
BRDA:277,31,1,0
BRDA:290,32,0,1
BRDA:290,32,1,1
BRDA:303,33,0,2
BRDA:303,33,1,0
BRDA:318,34,0,2
BRDA:318,34,1,1
BRDA:318,35,0,3
BRDA:318,35,1,2
BRDA:328,36,0,2
BRDA:328,36,1,1
BRDA:328,37,0,3
BRDA:328,37,1,2
BRDA:342,38,0,0
BRDA:342,38,1,1
BRDA:364,39,0,0
BRDA:364,39,1,0
BRDA:370,40,0,0
BRDA:370,40,1,1
BRDA:379,41,0,0
BRDA:379,41,1,1
BRDA:388,42,0,1
BRDA:388,42,1,0
BRDA:403,43,0,1
BRDA:403,43,1,1
BRDA:405,44,0,0
BRDA:405,44,1,1
BRDA:423,45,0,0
BRDA:423,45,1,1
BRDA:427,46,0,0
BRDA:427,46,1,1
BRDA:431,47,0,0
BRDA:431,47,1,1
BRDA:435,48,0,0
BRDA:435,48,1,1
BRDA:439,49,0,0
BRDA:439,49,1,1
BRDA:443,50,0,1
BRDA:443,50,1,0
BRDA:453,51,0,0
BRDA:453,51,1,1
BRDA:458,52,0,1
BRDA:458,52,1,0
BRF:106
BRH:49
end_of_record
TN:
SF:/Users/sychram/Repositories/thinx-device-api/lib/thinx/sources.js
FN:3,(anonymous_0)
FN:40,(anonymous_1)
FN:41,(anonymous_2)
FN:63,(anonymous_3)
FN:88,(anonymous_4)
FN:133,(anonymous_5)
FN:159,(anonymous_6)
FN:177,(anonymous_7)
FN:192,(anonymous_8)
FN:196,(anonymous_9)
FN:222,(anonymous_10)
FN:224,(anonymous_11)
FN:251,(anonymous_12)
FN:254,(anonymous_13)
FN:273,(anonymous_14)
FN:286,upsert
FN:287,(anonymous_16)
FN:291,(anonymous_17)
FN:327,(anonymous_18)
FN:329,(anonymous_19)
FN:344,(anonymous_20)
FN:347,(anonymous_21)
FNF:22
FNH:7
FNDA:1,(anonymous_0)
FNDA:1,(anonymous_1)
FNDA:1,(anonymous_2)
FNDA:2,(anonymous_3)
FNDA:2,(anonymous_4)
FNDA:0,(anonymous_5)
FNDA:0,(anonymous_6)
FNDA:0,(anonymous_7)
FNDA:0,(anonymous_8)
FNDA:0,(anonymous_9)
FNDA:1,(anonymous_10)
FNDA:1,(anonymous_11)
FNDA:0,(anonymous_12)
FNDA:0,(anonymous_13)
FNDA:0,(anonymous_14)
FNDA:0,upsert
FNDA:0,(anonymous_16)
FNDA:0,(anonymous_17)
FNDA:0,(anonymous_18)
FNDA:0,(anonymous_19)
FNDA:0,(anonymous_20)
FNDA:0,(anonymous_21)
DA:3,1
DA:5,1
DA:6,1
DA:7,0
DA:8,0
DA:10,1
DA:12,1
DA:13,1
DA:14,1
DA:15,1
DA:16,0
DA:22,1
DA:23,1
DA:24,1
DA:26,1
DA:27,1
DA:28,1
DA:29,1
DA:30,1
DA:31,1
DA:34,1
DA:41,1
DA:43,1
DA:44,1
DA:45,1
DA:46,0
DA:49,0
DA:50,0
DA:51,0
DA:52,0
DA:55,0
DA:65,2
DA:67,2
DA:73,2
DA:74,0
DA:79,2
DA:82,2
DA:84,2
DA:86,2
DA:88,2
DA:90,2
DA:91,2
DA:92,2
DA:93,2
DA:96,0
DA:97,0
DA:98,0
DA:103,0
DA:104,0
DA:109,0
DA:110,0
DA:115,0
DA:117,0
DA:118,0
DA:120,0
DA:121,0
DA:122,0
DA:123,0
DA:127,0
DA:128,0
DA:129,0
DA:131,0
DA:132,0
DA:133,0
DA:136,0
DA:137,0
DA:138,0
DA:141,0
DA:142,0
DA:143,0
DA:144,0
DA:145,0
DA:146,0
DA:147,0
DA:149,0
DA:153,0
DA:158,0
DA:159,0
DA:162,0
DA:164,0
DA:166,0
DA:167,0
DA:169,0
DA:172,0
DA:174,0
DA:175,0
DA:177,0
DA:179,0
DA:180,0
DA:181,0
DA:182,0
DA:185,0
DA:186,0
DA:187,0
DA:188,0
DA:192,0
DA:193,0
DA:194,0
DA:195,0
DA:196,0
DA:197,0
DA:198,0
DA:199,0
DA:200,0
DA:202,0
DA:203,0
DA:224,1
DA:226,1
DA:227,1
DA:228,1
DA:229,0
DA:232,0
DA:233,0
DA:234,0
DA:235,0
DA:238,0
DA:239,0
DA:240,0
DA:241,0
DA:242,0
DA:243,0
DA:244,0
DA:245,0
DA:246,0
DA:251,0
DA:252,0
DA:253,0
DA:254,0
DA:255,0
DA:256,0
DA:257,0
DA:258,0
DA:260,0
DA:268,0
DA:275,0
DA:276,0
DA:280,0
DA:281,0
DA:287,0
DA:288,0
DA:289,0
DA:292,0
DA:298,0
DA:301,0
DA:302,0
DA:303,0
DA:306,0
DA:307,0
DA:308,0
DA:310,0
DA:311,0
DA:312,0
DA:313,0
DA:317,0
DA:318,0
DA:329,0
DA:331,0
DA:332,0
DA:333,0
DA:334,0
DA:337,0
DA:338,0
DA:339,0
DA:340,0
DA:344,0
DA:345,0
DA:346,0
DA:347,0
DA:348,0
DA:349,0
DA:351,0
DA:359,1
DA:363,1
DA:364,1
DA:365,1
DA:366,1
LF:176
LH:43
BRDA:6,0,0,0
BRDA:6,0,1,1
BRDA:15,1,0,0
BRDA:15,1,1,0
BRDA:43,2,0,1
BRDA:43,2,1,0
BRDA:49,3,0,0
BRDA:49,3,1,0
BRDA:73,4,0,0
BRDA:73,4,1,2
BRDA:90,5,0,2
BRDA:90,5,1,0
BRDA:109,6,0,0
BRDA:109,6,1,0
BRDA:129,7,0,0
BRDA:129,7,1,0
BRDA:129,8,0,0
BRDA:129,8,1,0
BRDA:133,9,0,0
BRDA:133,9,1,0
BRDA:136,10,0,0
BRDA:136,10,1,0
BRDA:166,11,0,0
BRDA:166,11,1,0
BRDA:166,12,0,0
BRDA:166,12,1,0
BRDA:179,13,0,0
BRDA:179,13,1,0
BRDA:185,14,0,0
BRDA:185,14,1,0
BRDA:197,15,0,0
BRDA:197,15,1,0
BRDA:226,16,0,1
BRDA:226,16,1,0
BRDA:232,17,0,0
BRDA:232,17,1,0
BRDA:244,18,0,0
BRDA:244,18,1,0
BRDA:244,19,0,0
BRDA:244,19,1,0
BRDA:255,20,0,0
BRDA:255,20,1,0
BRDA:275,21,0,0
BRDA:275,21,1,0
BRDA:280,22,0,0
BRDA:280,22,1,0
BRDA:301,23,0,0
BRDA:301,23,1,0
BRDA:302,24,0,0
BRDA:302,24,1,0
BRDA:306,25,0,0
BRDA:306,25,1,0
BRDA:307,26,0,0
BRDA:307,26,1,0
BRDA:308,27,0,0
BRDA:308,27,1,0
BRDA:312,28,0,0
BRDA:312,28,1,0
BRDA:331,29,0,0
BRDA:331,29,1,0
BRDA:337,30,0,0
BRDA:337,30,1,0
BRDA:348,31,0,0
BRDA:348,31,1,0
BRF:64
BRH:5
end_of_record
TN:
SF:/Users/sychram/Repositories/thinx-device-api/lib/thinx/version.js
FN:9,(anonymous_0)
FN:25,(anonymous_1)
FNF:2
FNH:2
FNDA:1,(anonymous_0)
FNDA:1,(anonymous_1)
DA:9,1
DA:11,1
DA:12,1
DA:13,0
DA:14,0
DA:18,1
DA:26,1
DA:27,1
DA:29,1
DA:30,1
DA:31,1
DA:35,1
DA:39,1
LF:13
LH:11
BRDA:12,0,0,0
BRDA:12,0,1,1
BRF:2
BRH:1
end_of_record
TN:
SF:/Users/sychram/Repositories/thinx-device-api/spec/jasmine/ApienvSpec.js
FN:7,(anonymous_0)
FN:9,(anonymous_1)
FN:12,(anonymous_2)
FN:19,(anonymous_3)
FN:30,(anonymous_4)
FN:35,(anonymous_5)
FN:42,(anonymous_6)
FN:46,(anonymous_7)
FN:72,(anonymous_8)
FN:75,(anonymous_9)
FN:90,(anonymous_10)
FN:96,(anonymous_11)
FNF:12
FNH:5
FNDA:1,(anonymous_0)
FNDA:1,(anonymous_1)
FNDA:1,(anonymous_2)
FNDA:0,(anonymous_3)
FNDA:0,(anonymous_4)
FNDA:0,(anonymous_5)
FNDA:0,(anonymous_6)
FNDA:0,(anonymous_7)
FNDA:1,(anonymous_8)
FNDA:0,(anonymous_9)
FNDA:1,(anonymous_10)
FNDA:0,(anonymous_11)
DA:1,1
DA:2,1
DA:4,1
DA:5,1
DA:7,1
DA:9,1
DA:12,1
DA:15,1
DA:21,0
DA:23,0
DA:25,0
DA:26,0
DA:29,0
DA:31,0
DA:32,0
DA:36,0
DA:37,0
DA:40,0
DA:43,0
DA:47,0
DA:48,0
DA:50,0
DA:52,0
DA:56,0
DA:60,0
DA:65,0
DA:71,1
DA:73,1
DA:76,0
DA:77,0
DA:78,0
DA:80,0
DA:83,0
DA:88,1
DA:91,1
DA:92,1
DA:97,0
DA:98,0
LF:38
LH:13
BRDA:23,0,0,0
BRDA:23,0,1,0
BRDA:29,1,0,0
BRDA:29,1,1,0
BRDA:47,2,0,0
BRDA:47,2,1,0
BRDA:76,3,0,0
BRDA:76,3,1,0
BRF:8
BRH:0
end_of_record
TN:
SF:/Users/sychram/Repositories/thinx-device-api/spec/jasmine/ApikeySpec.js
FN:1,(anonymous_0)
FN:10,(anonymous_1)
FN:13,(anonymous_2)
FN:17,(anonymous_3)
FN:24,(anonymous_4)
FN:31,(anonymous_5)
FN:36,(anonymous_6)
FN:42,(anonymous_7)
FN:59,(anonymous_8)
FN:63,(anonymous_9)
FN:69,(anonymous_10)
FN:73,(anonymous_11)
FN:80,(anonymous_12)
FN:83,(anonymous_13)
FNF:14
FNH:6
FNDA:1,(anonymous_0)
FNDA:1,(anonymous_1)
FNDA:1,(anonymous_2)
FNDA:0,(anonymous_3)
FNDA:0,(anonymous_4)
FNDA:0,(anonymous_5)
FNDA:0,(anonymous_6)
FNDA:0,(anonymous_7)
FNDA:1,(anonymous_8)
FNDA:0,(anonymous_9)
FNDA:1,(anonymous_10)
FNDA:0,(anonymous_11)
FNDA:1,(anonymous_12)
FNDA:0,(anonymous_13)
DA:1,1
DA:3,1
DA:4,1
DA:5,1
DA:7,1
DA:8,1
DA:10,1
DA:13,1
DA:14,1
DA:19,0
DA:20,0
DA:21,0
DA:24,0
DA:25,0
DA:26,0
DA:28,0
DA:32,0
DA:35,0
DA:37,0
DA:39,0
DA:43,0
DA:44,0
DA:48,0
DA:52,0
DA:53,0
DA:59,1
DA:60,1
DA:64,0
DA:65,0
DA:69,1
DA:70,1
DA:71,1
DA:74,0
DA:75,0
DA:80,1
DA:81,1
DA:84,0
DA:85,0
DA:86,0
DA:88,0
DA:90,0
LF:41
LH:16
BRDA:19,0,0,0
BRDA:19,0,1,0
BRDA:84,1,0,0
BRDA:84,1,1,0
BRF:4
BRH:0
end_of_record
TN:
SF:/Users/sychram/Repositories/thinx-device-api/spec/jasmine/AppSpec.js
FN:1,(anonymous_0)
FN:3,(anonymous_1)
FNF:2
FNH:2
FNDA:1,(anonymous_0)
FNDA:1,(anonymous_1)
DA:1,1
DA:3,1
DA:4,1
DA:5,0
LF:4
LH:3
BRF:0
BRH:0
end_of_record
TN:
SF:/Users/sychram/Repositories/thinx-device-api/spec/jasmine/AuditSpec.js
FN:4,(anonymous_0)
FN:8,(anonymous_1)
FN:16,(anonymous_2)
FN:19,(anonymous_3)
FNF:4
FNH:4
FNDA:1,(anonymous_0)
FNDA:1,(anonymous_1)
FNDA:1,(anonymous_2)
FNDA:1,(anonymous_3)
DA:1,1
DA:2,1
DA:4,1
DA:6,1
DA:8,1
DA:9,1
DA:12,1
DA:13,1
DA:16,1
DA:17,1
DA:20,1
DA:21,0
DA:22,0
LF:13
LH:11
BRF:0
BRH:0
end_of_record
TN:
SF:/Users/sychram/Repositories/thinx-device-api/spec/jasmine/BuilderSpec.js
FN:1,(anonymous_0)
FN:13,(anonymous_1)
FN:17,(anonymous_2)
FN:23,(anonymous_3)
FN:28,(anonymous_4)
FN:34,(anonymous_5)
FN:39,(anonymous_6)
FN:45,(anonymous_7)
FNF:8
FNH:6
FNDA:1,(anonymous_0)
FNDA:1,(anonymous_1)
FNDA:1,(anonymous_2)
FNDA:0,(anonymous_3)
FNDA:1,(anonymous_4)
FNDA:0,(anonymous_5)
FNDA:1,(anonymous_6)
FNDA:1,(anonymous_7)
DA:1,1
DA:4,1
DA:6,1
DA:7,1
DA:8,1
DA:9,1
DA:10,1
DA:11,1
DA:13,1
DA:14,1
DA:17,1
DA:18,1
DA:23,1
DA:24,0
DA:28,1
DA:29,1
DA:34,1
DA:35,0
DA:39,1
DA:40,1
DA:41,0
DA:42,0
DA:45,1
DA:46,1
DA:47,0
DA:48,0
LF:26
LH:20
BRF:0
BRH:0
end_of_record
TN:
SF:/Users/sychram/Repositories/thinx-device-api/spec/jasmine/BuildlogSpec.js
FN:1,(anonymous_0)
FN:25,(anonymous_1)
FN:41,noop
FN:43,heartbeat
FN:47,connection
FN:60,incoming
FN:69,(anonymous_6)
FN:73,(anonymous_7)
FN:74,(anonymous_8)
FN:81,(anonymous_9)
FN:82,(anonymous_10)
FN:89,(anonymous_11)
FN:95,(anonymous_12)
FN:100,(anonymous_13)
FN:102,(anonymous_14)
FN:108,(anonymous_15)
FNF:16
FNH:10
FNDA:1,(anonymous_0)
FNDA:0,(anonymous_1)
FNDA:0,noop
FNDA:0,heartbeat
FNDA:0,connection
FNDA:0,incoming
FNDA:1,(anonymous_6)
FNDA:1,(anonymous_7)
FNDA:1,(anonymous_8)
FNDA:1,(anonymous_9)
FNDA:1,(anonymous_10)
FNDA:1,(anonymous_11)
FNDA:1,(anonymous_12)
FNDA:1,(anonymous_13)
FNDA:0,(anonymous_14)
FNDA:1,(anonymous_15)
DA:1,1
DA:3,1
DA:5,1
DA:6,1
DA:7,1
DA:8,1
DA:10,1
DA:16,1
DA:17,1
DA:18,1
DA:19,1
DA:20,1
DA:23,1
DA:25,1
DA:26,0
DA:32,1
DA:34,1
DA:39,1
DA:44,0
DA:47,1
DA:49,0
DA:50,0
DA:52,0
DA:53,0
DA:54,0
DA:55,0
DA:56,0
DA:57,0
DA:60,0
DA:61,0
DA:64,0
DA:66,0
DA:69,1
DA:70,1
DA:73,1
DA:74,1
DA:75,1
DA:76,1
DA:77,1
DA:81,1
DA:82,1
DA:83,1
DA:84,1
DA:85,1
DA:89,1
DA:90,1
DA:91,1
DA:92,1
DA:95,1
DA:96,1
DA:97,1
DA:100,1
DA:101,1
DA:103,0
DA:104,0
DA:108,1
DA:109,1
LF:57
LH:41
BRF:0
BRH:0
end_of_record
TN:
SF:/Users/sychram/Repositories/thinx-device-api/spec/jasmine/DeploymentSpec.js
FN:1,(anonymous_0)
FN:17,(anonymous_1)
FN:21,(anonymous_2)
FN:26,(anonymous_3)
FN:31,(anonymous_4)
FN:36,(anonymous_5)
FN:42,(anonymous_6)
FN:47,(anonymous_7)
FNF:8
FNH:8
FNDA:1,(anonymous_0)
FNDA:6,(anonymous_1)
FNDA:1,(anonymous_2)
FNDA:1,(anonymous_3)
FNDA:1,(anonymous_4)
FNDA:1,(anonymous_5)
FNDA:1,(anonymous_6)
FNDA:1,(anonymous_7)
DA:1,1
DA:4,1
DA:6,1
DA:7,1
DA:8,1
DA:10,1
DA:17,1
DA:21,1
DA:22,1
DA:23,1
DA:26,1
DA:27,1
DA:28,1
DA:31,1
DA:32,1
DA:33,1
DA:36,1
DA:37,1
DA:38,1
DA:41,1
DA:43,1
DA:44,1
DA:47,1
DA:48,1
DA:49,1
LF:25
LH:25
BRF:0
BRH:0
end_of_record
TN:
SF:/Users/sychram/Repositories/thinx-device-api/spec/jasmine/DeviceSpec.js
FN:1,(anonymous_0)
FN:51,(anonymous_1)
FN:55,(anonymous_2)
FN:64,(anonymous_3)
FN:66,(anonymous_4)
FN:69,(anonymous_5)
FN:90,(anonymous_6)
FN:95,(anonymous_7)
FN:111,(anonymous_8)
FN:115,(anonymous_9)
FN:125,(anonymous_10)
FN:128,(anonymous_11)
FN:156,(anonymous_12)
FN:161,(anonymous_13)
FN:176,(anonymous_14)
FN:178,(anonymous_15)
FN:197,(anonymous_16)
FN:198,(anonymous_17)
FN:208,(anonymous_18)
FN:210,(anonymous_19)
FN:217,(anonymous_20)
FN:230,(anonymous_21)
FNF:22
FNH:8
FNDA:1,(anonymous_0)
FNDA:1,(anonymous_1)
FNDA:0,(anonymous_2)
FNDA:0,(anonymous_3)
FNDA:0,(anonymous_4)
FNDA:0,(anonymous_5)
FNDA:0,(anonymous_6)
FNDA:0,(anonymous_7)
FNDA:0,(anonymous_8)
FNDA:0,(anonymous_9)
FNDA:0,(anonymous_10)
FNDA:0,(anonymous_11)
FNDA:1,(anonymous_12)
FNDA:1,(anonymous_13)
FNDA:1,(anonymous_14)
FNDA:0,(anonymous_15)
FNDA:1,(anonymous_16)
FNDA:0,(anonymous_17)
FNDA:1,(anonymous_18)
FNDA:0,(anonymous_19)
FNDA:0,(anonymous_20)
FNDA:1,(anonymous_21)
DA:1,1
DA:3,1
DA:4,1
DA:5,1
DA:7,1
DA:9,1
DA:10,1
DA:11,1
DA:12,1
DA:14,1
DA:19,1
DA:33,1
DA:45,1
DA:47,1
DA:48,1
DA:51,1
DA:52,1
DA:57,0
DA:59,0
DA:60,0
DA:61,0
DA:64,0
DA:66,0
DA:68,0
DA:71,0
DA:72,0
DA:73,0
DA:74,0
DA:75,0
DA:76,0
DA:80,0
DA:82,0
DA:83,0
DA:84,0
DA:85,0
DA:86,0
DA:87,0
DA:89,0
DA:92,0
DA:93,0
DA:94,0
DA:95,0
DA:97,0
DA:100,0
DA:101,0
DA:102,0
DA:104,0
DA:111,0
DA:114,0
DA:116,0
DA:118,0
DA:119,0
DA:120,0
DA:121,0
DA:122,0
DA:124,0
DA:126,0
DA:127,0
DA:128,0
DA:131,0
DA:134,0
DA:135,0
DA:136,0
DA:141,0
DA:149,1
DA:155,1
DA:157,1
DA:161,1
DA:163,1
DA:164,1
DA:166,1
DA:168,1
DA:169,0
DA:170,0
DA:174,1
DA:177,1
DA:179,0
DA:180,0
DA:181,0
DA:185,0
DA:186,0
DA:187,0
DA:190,0
DA:192,0
DA:193,0
DA:197,1
DA:198,1
DA:199,0
DA:201,0
DA:202,0
DA:203,0
DA:204,0
DA:208,1
DA:210,1
DA:211,0
DA:213,0
DA:214,0
DA:215,0
DA:217,0
DA:219,0
DA:220,0
DA:223,0
DA:224,0
DA:230,1
DA:231,1
DA:232,1
DA:233,1
LF:107
LH:35
BRDA:59,0,0,0
BRDA:59,0,1,0
BRDA:71,1,0,0
BRDA:71,1,1,0
BRDA:74,2,0,0
BRDA:74,2,1,0
BRDA:163,3,0,1
BRDA:163,3,1,0
BRDA:180,4,0,0
BRDA:180,4,1,0
BRDA:185,5,0,0
BRDA:185,5,1,0
BRDA:219,6,0,0
BRDA:219,6,1,0
BRF:14
BRH:1
end_of_record
TN:
SF:/Users/sychram/Repositories/thinx-device-api/spec/jasmine/DevicesSpec.js
FN:1,(anonymous_0)
FN:14,(anonymous_1)
FN:15,(anonymous_2)
FN:23,(anonymous_3)
FN:29,(anonymous_4)
FN:38,(anonymous_5)
FN:42,(anonymous_6)
FN:54,(anonymous_7)
FN:58,(anonymous_8)
FNF:9
FNH:6
FNDA:1,(anonymous_0)
FNDA:1,(anonymous_1)
FNDA:0,(anonymous_2)
FNDA:1,(anonymous_3)
FNDA:0,(anonymous_4)
FNDA:1,(anonymous_5)
FNDA:0,(anonymous_6)
FNDA:1,(anonymous_7)
FNDA:1,(anonymous_8)
DA:1,1
DA:3,1
DA:4,1
DA:6,1
DA:7,1
DA:8,1
DA:9,1
DA:10,1
DA:14,1
DA:15,1
DA:16,0
DA:17,0
DA:18,0
DA:19,0
DA:23,1
DA:24,1
DA:28,1
DA:29,1
DA:30,0
DA:31,0
DA:32,0
DA:33,0
DA:34,0
DA:38,1
DA:39,1
DA:42,1
DA:43,0
DA:44,0
DA:45,0
DA:46,0
DA:48,0
DA:54,1
DA:55,1
DA:58,1
DA:59,1
DA:60,0
DA:61,0
LF:37
LH:21
BRDA:45,0,0,0
BRDA:45,0,1,0
BRF:2
BRH:0
end_of_record
TN:
SF:/Users/sychram/Repositories/thinx-device-api/spec/jasmine/MessengerSpec.js
FN:8,(anonymous_0)
FN:11,(anonymous_1)
FN:12,(anonymous_2)
FN:19,(anonymous_3)
FN:20,(anonymous_4)
FN:29,(anonymous_5)
FN:30,(anonymous_6)
FN:37,(anonymous_7)
FN:38,(anonymous_8)
FN:46,(anonymous_9)
FNF:10
FNH:6
FNDA:1,(anonymous_0)
FNDA:1,(anonymous_1)
FNDA:0,(anonymous_2)
FNDA:1,(anonymous_3)
FNDA:0,(anonymous_4)
FNDA:1,(anonymous_5)
FNDA:0,(anonymous_6)
FNDA:1,(anonymous_7)
FNDA:0,(anonymous_8)
FNDA:1,(anonymous_9)
DA:1,1
DA:2,1
DA:4,1
DA:5,1
DA:6,1
DA:8,1
DA:11,1
DA:12,1
DA:13,0
DA:14,0
DA:15,0
DA:19,1
DA:20,1
DA:21,0
DA:22,0
DA:23,0
DA:24,0
DA:29,1
DA:30,1
DA:31,0
DA:32,0
DA:34,1
DA:37,1
DA:38,1
DA:39,0
DA:40,0
DA:41,0
DA:46,1
DA:47,1
DA:48,1
LF:30
LH:18
BRF:0
BRH:0
end_of_record
TN:
SF:/Users/sychram/Repositories/thinx-device-api/spec/jasmine/NotifierSpec.js
FN:1,(anonymous_0)
FN:12,(anonymous_1)
FNF:2
FNH:1
FNDA:1,(anonymous_0)
FNDA:0,(anonymous_1)
DA:1,1
DA:3,1
DA:4,1
DA:5,1
DA:12,1
DA:21,0
DA:22,0
DA:23,0
DA:25,0
DA:26,0
DA:27,0
DA:28,0
DA:29,0
DA:30,0
DA:31,0
DA:32,0
DA:34,0
DA:48,0
DA:49,0
DA:50,0
DA:51,0
DA:52,0
LF:22
LH:5
BRF:0
BRH:0
end_of_record
TN:
SF:/Users/sychram/Repositories/thinx-device-api/spec/jasmine/OwnerSpec.js
FN:1,(anonymous_0)
FN:19,(anonymous_1)
FN:26,(anonymous_2)
FN:47,(anonymous_3)
FN:51,(anonymous_4)
FN:62,(anonymous_5)
FN:63,(anonymous_6)
FN:73,(anonymous_7)
FN:78,(anonymous_8)
FN:87,(anonymous_9)
FN:88,(anonymous_10)
FN:96,(anonymous_11)
FN:97,(anonymous_12)
FN:113,(anonymous_13)
FN:120,(anonymous_14)
FNF:15
FNH:13
FNDA:1,(anonymous_0)
FNDA:1,(anonymous_1)
FNDA:0,(anonymous_2)
FNDA:1,(anonymous_3)
FNDA:1,(anonymous_4)
FNDA:1,(anonymous_5)
FNDA:1,(anonymous_6)
FNDA:1,(anonymous_7)
FNDA:1,(anonymous_8)
FNDA:1,(anonymous_9)
FNDA:1,(anonymous_10)
FNDA:1,(anonymous_11)
FNDA:1,(anonymous_12)
FNDA:1,(anonymous_13)
FNDA:0,(anonymous_14)
DA:1,1
DA:3,1
DA:4,1
DA:6,1
DA:7,1
DA:8,1
DA:9,1
DA:10,1
DA:19,1
DA:20,1
DA:26,1
DA:27,0
DA:28,0
DA:30,0
DA:32,0
DA:33,0
DA:34,0
DA:36,0
DA:37,0
DA:38,0
DA:40,0
DA:41,0
DA:46,1
DA:48,1
DA:51,1
DA:53,1
DA:54,1
DA:55,1
DA:57,1
DA:58,0
DA:62,1
DA:63,1
DA:64,1
DA:65,1
DA:66,0
DA:67,0
DA:69,0
DA:73,1
DA:74,1
DA:77,1
DA:79,1
DA:81,1
DA:82,0
DA:87,1
DA:88,1
DA:89,1
DA:90,1
DA:91,1
DA:92,1
DA:96,1
DA:97,1
DA:98,1
DA:99,1
DA:101,1
DA:102,0
DA:103,0
DA:104,0
DA:105,0
DA:106,0
DA:108,0
DA:113,1
DA:114,1
DA:120,1
DA:121,0
DA:122,0
DA:123,0
DA:125,0
DA:126,0
DA:127,0
LF:69
LH:41
BRDA:27,0,0,0
BRDA:27,0,1,0
BRDA:33,1,0,0
BRDA:33,1,1,0
BRDA:36,2,0,0
BRDA:36,2,1,0
BRDA:54,3,0,1
BRDA:54,3,1,0
BRDA:66,4,0,0
BRDA:66,4,1,0
BRDA:98,5,0,1
BRDA:98,5,1,0
BRDA:104,6,0,0
BRDA:104,6,1,0
BRDA:122,7,0,0
BRDA:122,7,1,0
BRF:16
BRH:2
end_of_record
TN:
SF:/Users/sychram/Repositories/thinx-device-api/spec/jasmine/RepositorySpec.js
FN:1,(anonymous_0)
FN:8,(anonymous_1)
FN:26,(anonymous_2)
FN:30,(anonymous_3)
FN:35,(anonymous_4)
FN:39,(anonymous_5)
FN:43,(anonymous_6)
FN:44,(anonymous_7)
FN:64,(anonymous_8)
FN:66,(anonymous_9)
FN:73,(anonymous_10)
FN:74,(anonymous_11)
FN:80,(anonymous_12)
FN:85,(anonymous_13)
FN:90,(anonymous_14)
FNF:15
FNH:11
FNDA:1,(anonymous_0)
FNDA:0,(anonymous_1)
FNDA:0,(anonymous_2)
FNDA:0,(anonymous_3)
FNDA:7,(anonymous_4)
FNDA:1,(anonymous_5)
FNDA:1,(anonymous_6)
FNDA:0,(anonymous_7)
FNDA:1,(anonymous_8)
FNDA:1,(anonymous_9)
FNDA:1,(anonymous_10)
FNDA:1,(anonymous_11)
FNDA:1,(anonymous_12)
FNDA:1,(anonymous_13)
FNDA:1,(anonymous_14)
DA:1,1
DA:3,1
DA:6,1
DA:8,1
DA:9,0
DA:10,0
DA:11,0
DA:12,0
DA:16,0
DA:21,0
DA:23,0
DA:26,1
DA:28,0
DA:30,1
DA:32,0
DA:35,1
DA:39,1
DA:40,1
DA:43,1
DA:44,1
DA:45,0
DA:46,0
DA:48,0
DA:49,0
DA:53,0
DA:58,0
DA:61,1
DA:64,1
DA:65,1
DA:66,1
DA:67,1
DA:68,1
DA:69,1
DA:73,1
DA:74,1
DA:75,1
DA:76,1
DA:80,1
DA:81,1
DA:82,1
DA:85,1
DA:86,1
DA:87,0
DA:90,1
DA:91,1
DA:92,0
LF:46
LH:29
BRDA:9,0,0,0
BRDA:9,0,1,0
BRDA:11,1,0,0
BRDA:11,1,1,0
BRDA:45,2,0,0
BRDA:45,2,1,0
BRDA:48,3,0,0
BRDA:48,3,1,0
BRF:8
BRH:0
end_of_record
TN:
SF:/Users/sychram/Repositories/thinx-device-api/spec/jasmine/RsakeySpec.js
FN:1,(anonymous_0)
FN:18,(anonymous_1)
FN:20,(anonymous_2)
FN:30,(anonymous_3)
FN:33,(anonymous_4)
FN:43,(anonymous_5)
FN:45,(anonymous_6)
FN:55,(anonymous_7)
FN:56,(anonymous_8)
FNF:9
FNH:4
FNDA:1,(anonymous_0)
FNDA:1,(anonymous_1)
FNDA:0,(anonymous_2)
FNDA:1,(anonymous_3)
FNDA:1,(anonymous_4)
FNDA:0,(anonymous_5)
FNDA:0,(anonymous_6)
FNDA:0,(anonymous_7)
FNDA:0,(anonymous_8)
DA:1,1
DA:3,1
DA:5,1
DA:6,1
DA:8,1
DA:12,1
DA:16,1
DA:18,1
DA:19,1
DA:21,0
DA:22,0
DA:23,0
DA:24,0
DA:25,0
DA:30,1
DA:32,1
DA:34,1
DA:37,1
DA:38,1
DA:39,1
DA:42,1
DA:44,0
DA:46,0
DA:48,0
DA:49,0
DA:50,0
DA:54,0
DA:56,0
DA:57,0
DA:61,0
DA:62,0
LF:31
LH:16
BRF:0
BRH:0
end_of_record
TN:
SF:/Users/sychram/Repositories/thinx-device-api/spec/jasmine/SourcesSpec.js
FN:1,(anonymous_0)
FN:10,(anonymous_1)
FN:15,(anonymous_2)
FN:27,(anonymous_3)
FN:28,(anonymous_4)
FN:36,(anonymous_5)
FN:43,(anonymous_6)
FN:52,(anonymous_7)
FNF:8
FNH:8
FNDA:1,(anonymous_0)
FNDA:1,(anonymous_1)
FNDA:1,(anonymous_2)
FNDA:1,(anonymous_3)
FNDA:1,(anonymous_4)
FNDA:1,(anonymous_5)
FNDA:1,(anonymous_6)
FNDA:1,(anonymous_7)
DA:1,1
DA:3,1
DA:4,1
DA:5,1
DA:8,1
DA:10,1
DA:11,1
DA:16,1
DA:17,1
DA:19,1
DA:20,1
DA:21,1
DA:22,1
DA:23,1
DA:27,1
DA:28,1
DA:29,1
DA:30,0
DA:31,0
DA:32,0
DA:36,1
DA:39,1
DA:44,1
DA:45,1
DA:47,1
DA:49,1
DA:50,1
DA:52,1
DA:53,1
DA:54,1
DA:56,1
DA:58,0
DA:59,0
DA:61,0
LF:34
LH:28
BRDA:16,0,0,1
BRDA:16,0,1,0
BRDA:44,1,0,1
BRDA:44,1,1,0
BRDA:53,2,0,1
BRDA:53,2,1,0
BRDA:58,3,0,0
BRDA:58,3,1,0
BRF:8
BRH:3
end_of_record
TN:
SF:/Users/sychram/Repositories/thinx-device-api/spec/jasmine/VersionSpec.js
FN:1,(anonymous_0)
FN:5,(anonymous_1)
FN:9,(anonymous_2)
FNF:3
FNH:3
FNDA:1,(anonymous_0)
FNDA:1,(anonymous_1)
FNDA:1,(anonymous_2)
DA:1,1
DA:3,1
DA:5,1
DA:6,1
DA:9,1
DA:10,1
LF:6
LH:6
BRF:0
BRH:0
end_of_record
